2025-07-03T13:54:18.807084Z  INFO index_maker: Index Order: SO2 Buy 12
2025-07-03T13:54:18.808429Z  INFO index_maker: Configuring solver...
2025-07-03T13:54:18.809236Z  INFO index_maker::app::solver: Backend started
2025-07-03T13:54:18.809751Z  INFO binance_order_sending::arbiter: Loop started
2025-07-03T13:54:18.810134Z  INFO index_maker::app::solver: Market data started
2025-07-03T13:54:18.810186Z  INFO binance_order_sending::session: Session loop started
2025-07-03T13:54:18.810442Z  INFO binance_market_data::arbiter: Loop started
2025-07-03T13:54:18.810649Z  INFO binance_market_data::subscriber: Snapshot loop started
2025-07-03T13:54:18.810719Z  INFO binance_market_data::subscriber: Snapshot loop started
2025-07-03T13:54:18.810824Z  INFO index_maker::app::solver: Quotes started
2025-07-03T13:54:18.810826Z  INFO index_maker: Awaiting market data...
2025-07-03T13:54:18.811083Z  INFO index_maker::app::solver: Solver started
2025-07-03T13:54:20.613920Z DEBUG tungstenite::handshake::client: Client handshake done.    
2025-07-03T13:54:20.614447Z  INFO binance_market_data::subscriber: Market-Data loop started
2025-07-03T13:54:20.614633Z DEBUG tungstenite::handshake::client: Client handshake done.    
2025-07-03T13:54:20.614648Z DEBUG tungstenite::handshake::client: Client handshake done.    
2025-07-03T13:54:20.615008Z  INFO binance_market_data::subscriber: Market-Data loop started
2025-07-03T13:54:21.024002Z  INFO binance_order_sending::trading_session: Requesting exchange information for: BNBEUR, ETHEUR
2025-07-03T13:54:21.632417Z DEBUG binance_order_sending::trading_session: Start user data: Ok(
    UserDataStreamStartResponseResult {
        listen_key: Some(
            "qiFHWe5a5GjkyMNRBZsSjbTPiqYrgSgIsvBeWhVAycDyAuP7hLIFVpz9qbdI",
        ),
    },
)
2025-07-03T13:54:21.786819Z DEBUG binance_market_data::book: DiffDepthUpdate for ETHEUR empty book and snapshot is needed (U: 7108671631, u: 7108671713 vs last_id: None)
2025-07-03T13:54:21.786902Z  INFO binance_market_data::book: (binance-book) Requesting snapshot for ETHEUR
2025-07-03T13:54:21.788904Z DEBUG reqwest::connect: starting new connection: https://api.binance.com/    
2025-07-03T13:54:21.789363Z DEBUG binance_market_data::book: DiffDepthUpdate for BNBEUR empty book and snapshot is needed (U: 1492804923, u: 1492804923 vs last_id: None)
2025-07-03T13:54:21.789380Z  INFO binance_market_data::book: (binance-book) Requesting snapshot for BNBEUR
2025-07-03T13:54:21.789661Z DEBUG reqwest::connect: starting new connection: https://api.binance.com/    
2025-07-03T13:54:21.866837Z DEBUG hyper_util::client::legacy::connect::http: connecting to 3.165.225.47:443
2025-07-03T13:54:21.866839Z DEBUG hyper_util::client::legacy::connect::http: connecting to 3.165.225.47:443
2025-07-03T13:54:21.883623Z DEBUG hyper_util::client::legacy::connect::http: connected to 3.165.225.47:443
2025-07-03T13:54:21.888199Z DEBUG hyper_util::client::legacy::connect::http: connected to 3.165.225.47:443
2025-07-03T13:54:21.926700Z DEBUG binance_order_sending::trading_session: Subscribe user data: Ok(
    Object {},
)
2025-07-03T13:54:21.927294Z DEBUG symm_core::order_sender::order_tracker: (order-tracker) Session connected: BinanceAccount-1
2025-07-03T13:54:22.145156Z DEBUG hyper_util::client::legacy::pool: pooling idle connection for ("https", api.binance.com)
2025-07-03T13:54:22.153671Z DEBUG hyper_util::client::legacy::pool: pooling idle connection for ("https", api.binance.com)
2025-07-03T13:54:22.154733Z  INFO binance_market_data::book: (binance-book) Snapshot received for ETHEUR and will overwrite book (lastUpdateId: 7108671720)
2025-07-03T13:54:22.159446Z  INFO binance_market_data::book: (binance-book) Snapshot received for BNBEUR and will overwrite book (lastUpdateId: 1492804923)
2025-07-03T13:54:25.827484Z  INFO index_maker: Sending index weights...
2025-07-03T13:54:25.827660Z  INFO index_maker::solver::solver: (solver) Handle Chain Event CuratorWeigthsSet SO2
2025-07-03T13:54:25.827907Z  INFO index_maker::solver::solver: (solver) Handle Basket Notification BasketAdded SO2
2025-07-03T13:54:25.827939Z  INFO index_maker::app::simple_chain: SolverWeightsSet: SO2
2025-07-03T13:54:27.829768Z  INFO index_maker: Sending deposit...
2025-07-03T13:54:27.829865Z  INFO index_maker::collateral::collateral_manager: (collateral-manager) Deposit from [1:0xd8dA6BF26964aF9D7eEd9e03E53415D37aA96045] 12.00000
2025-07-03T13:54:29.831655Z  INFO index_maker: Sending index order...
2025-07-03T13:54:29.831978Z  INFO index_maker::app::simple_server: Received response: NewIndexOrderAck { chain_id: 1, address: 0xd8da6bf26964af9d7eed9e03e53415d37aa96045, client_order_id: ClientOrderId("C-1751550869831"), timestamp: 2025-07-03T13:54:29.831727Z }
2025-07-03T13:54:29.832047Z  INFO index_maker::solver::solver: solver) Handle Index Order NewIndexOrder SO2 C-1751550869831 < C-1751550869831 from 0xd8dA6BF26964aF9D7eEd9e03E53415D37aA96045
2025-07-03T13:54:34.841719Z  INFO index_maker::solver::solver: (solver) Set Index Order Status: C-1751550869831 ManageCollateral
2025-07-03T13:54:34.841858Z  INFO index_maker::solver::solvers::simple_solver: (simple-solver) Price: Buy ETHEUR 2237.84000000
2025-07-03T13:54:34.841910Z  INFO index_maker::solver::solvers::simple_solver: (simple-solver) Price: Buy BNBEUR 564.27000000
2025-07-03T13:54:34.841960Z  INFO index_maker::solver::solvers::simple_solver: (simple-solver) Price Limit: ETHEUR 2238.063784000000
2025-07-03T13:54:34.841995Z  INFO index_maker::solver::solvers::simple_solver: (simple-solver) Price Limit: BNBEUR 564.326427000000
2025-07-03T13:54:34.842114Z  INFO index_maker::collateral::collateral_manager: (collateral-manager) ManageCollateral for 0xd8dA6BF26964aF9D7eEd9e03E53415D37aA96045 C-1751550869831
2025-07-03T13:54:34.855000Z  INFO index_maker::collateral::collateral_router: (collateral-router) Found route: SRC:BINANCE:EUR, DST:BINANCE:EUR
2025-07-03T13:54:34.855138Z  INFO index_maker::collateral::collateral_router: (collateral-router) Route Complete for [1:0xd8dA6BF26964aF9D7eEd9e03E53415D37aA96045] C-1751550869831: SRC:BINANCE:EUR => DST:BINANCE:EUR 12.00000 0.00000
2025-07-03T13:54:34.855398Z  INFO index_maker::collateral::collateral_manager: (collateral-manager) Transfer Complete for 1 0xd8dA6BF26964aF9D7eEd9e03E53415D37aA96045 C-1751550869831: SRC:BINANCE:EUR => DST:BINANCE:EUR 12.00000 0.00000
2025-07-03T13:54:34.855600Z  INFO index_maker::collateral::collateral_position: (colateral-side) AddReady for P-1751550867830 12.00000 ua=0.00000 ra=12.00000 pa=0.00000 sa=0.00000 (full confirm)
2025-07-03T13:54:34.855647Z  INFO index_maker::collateral::collateral_position: (colateral-side) AddReady for P-1751550867830 0.00000 ua=0.00000 ra=12.00000 pa=0.00000 sa=0.00000 (full confirm)
2025-07-03T13:54:34.855694Z  INFO index_maker::collateral::collateral_position: (colateral-side) PreAuth for P-1751550867830 [Charges] C-1751550869831 0.00000 ua=0.00000 ra=12.00000 pa=0.00000 sa=0.00000 (partial preauth)
2025-07-03T13:54:34.855752Z  INFO index_maker::collateral::collateral_position: (colateral-side) Spend for P-1751550867830 [Charges] 0.00000 ua=0.00000 ra=12.00000 pa=0.00000 sa=0.00000 (partial spend)
2025-07-03T13:54:34.855856Z  INFO index_maker::solver::solver: (solver) CollateralReady for 1 0xd8dA6BF26964aF9D7eEd9e03E53415D37aA96045 12.00000 0.00000
2025-07-03T13:54:34.856069Z  INFO index_maker::collateral::collateral_manager: (collateral-manager) PreAuth Payment for 0xd8dA6BF26964aF9D7eEd9e03E53415D37aA96045 12.00000
2025-07-03T13:54:34.856272Z  INFO index_maker::collateral::collateral_position: (colateral-side) PreAuth for P-1751550867830 [P-1751550874856] C-1751550869831 12.00000 ua=0.00000 ra=0.00000 pa=12.00000 sa=0.00000 (full preauth)
2025-07-03T13:54:34.856374Z  INFO index_maker::solver::solver: (solver) PreAuth approved: P-1751550874856
2025-07-03T13:54:34.856396Z  INFO index_maker::solver::solver: (solver) Set Index Order Status: C-1751550869831 Ready
2025-07-03T13:54:34.856433Z  INFO index_maker::solver::solver: (solver) Handle Index Order CollateralReady 1 < C-1751550869831 from 0xd8dA6BF26964aF9D7eEd9e03E53415D37aA96045: 12.00000 0.00000
2025-07-03T13:54:34.869236Z  INFO index_maker::solver::solvers::simple_solver: (simple-solver) Price: Buy ETHEUR 2237.84000000
2025-07-03T13:54:34.869277Z  INFO index_maker::solver::solvers::simple_solver: (simple-solver) Price: Buy BNBEUR 564.27000000
2025-07-03T13:54:34.869319Z  INFO index_maker::solver::solvers::simple_solver: (simple-solver) Price Limit: ETHEUR 2238.063784000000
2025-07-03T13:54:34.869354Z  INFO index_maker::solver::solvers::simple_solver: (simple-solver) Price Limit: BNBEUR 564.326427000000
2025-07-03T13:54:34.869416Z  INFO index_maker::solver::solvers::simple_solver: (simple-solver) Index Price: SO2 1000.1255484684370035289592172
2025-07-03T13:54:34.869591Z  INFO index_maker::solver::solvers::simple_solver: (simple-solver) Collateral to Quantity for Index Order: C-1751550869831 c=12.00000 cc=0.00000 ca=11.98801 cu=11.98801 p=1000.12554 q=0.01198 ff=1.00100
2025-07-03T13:54:34.869721Z  INFO index_maker::solver::solvers::simple_solver: (simple-solver) Asset Quantity for Index Order: C-1751550869831 BNBEUR q=0.01274 baq=1.06318 oq=0.01198
2025-07-03T13:54:34.869812Z  INFO index_maker::solver::solvers::simple_solver: (simple-solver) Asset Quantity for Index Order: C-1751550869831 ETHEUR q=0.00214 baq=0.17878 oq=0.01198
2025-07-03T13:54:34.869947Z  INFO index_maker::solver::solvers::simple_solver: (simple-solver) Fitting Quantity for Index Order: C-1751550869831 ETHEUR 0.01198 tal=0.85600 taq=0.00214 acf=1.00000 alc=0.85600 poq=4.78776
2025-07-03T13:54:34.870065Z  INFO index_maker::solver::solvers::simple_solver: (simple-solver) Fitting Quantity for Index Order: C-1751550869831 BNBEUR 0.01198 tal=1.25100 taq=0.01274 acf=1.00000 alc=1.25100 poq=1.17665
2025-07-03T13:54:34.870275Z  INFO index_maker::solver::solvers::simple_solver: (simple-solver) Padding ETHEUR: 4.7962942101131133271876055257 => 5.0, 0.0021430551910101921059402682 => 0.0022340739507717265309182091 (+0.0000910187597615344249779409)
2025-07-03T13:54:34.870449Z  INFO index_maker::solver::solvers::simple_solver: (simple-solver) Padding BNBEUR: 7.1917177778988746848004065325 => 7.2, 0.0127438968543978442547763345 => 0.0127585731511382861394864288 (+0.0000146762967404418847100943)
2025-07-03T13:54:34.870721Z  INFO index_maker::solver::solvers::simple_solver: (simple-solver) Asset Fractions for Index Order: C-1751550869831 ETHEUR taq=0.00223 acf=0.95925
2025-07-03T13:54:34.870797Z  INFO index_maker::solver::solvers::simple_solver: (simple-solver) Asset Fractions for Index Order: C-1751550869831 BNBEUR taq=0.01275 acf=0.99884
2025-07-03T13:54:34.870978Z  INFO index_maker::solver::solvers::simple_solver: (simple-solver) Solver Order Engagement: C-1751550869831 SO2 eq=0.01198 ep=1000.12554 ec=12.00000
2025-07-03T13:54:34.871163Z  INFO index_maker::solver::index_order_manager: (index-order-manager) Engage C-1751550869831 eca=+12.00000 iec=12.00000 irc=-0.00000
2025-07-03T13:54:34.871316Z  INFO index_maker::solver::batch_manager: (batch-manager) Handle Index Order EngageIndexOrder B-1751550874870
2025-07-03T13:54:34.871352Z  INFO index_maker::solver::solver: (solver) Set Index Order Status: C-1751550869831 Engaged
2025-07-03T13:54:34.884078Z  INFO index_maker::solver::batch_manager: (batch-manager) Sending Batch: Buy ETHEUR: 0.00223 @ 2238.06378; Buy BNBEUR: 0.01275 @ 564.32642
2025-07-03T13:54:34.884102Z DEBUG symm_core::order_sender::inventory_manager: New order batch: B-1751550874870
2025-07-03T13:54:34.884113Z DEBUG symm_core::order_sender::order_tracker: NewOrder: O-1751550874883
2025-07-03T13:54:34.884130Z DEBUG binance_order_sending::binance_order_sending: Send to: BinanceAccount-1 command: SingleOrder {
    order_id: OrderId(
        "O-1751550874883",
    ),
    batch_order_id: BatchOrderId(
        "B-1751550874870",
    ),
    symbol: Atom('ETHEUR' type=inline),
    side: Buy,
    price: 2238.063784000000,
    quantity: 0.0022340739507717265309182091,
    created_timestamp: 2025-07-03T13:54:34.883916Z,
}
2025-07-03T13:54:34.884184Z DEBUG symm_core::order_sender::order_tracker: NewOrder: O-1751550874884
2025-07-03T13:54:34.884193Z DEBUG binance_order_sending::binance_order_sending: Send to: BinanceAccount-1 command: SingleOrder {
    order_id: OrderId(
        "O-1751550874884",
    ),
    batch_order_id: BatchOrderId(
        "B-1751550874870",
    ),
    symbol: Atom('BNBEUR' type=inline),
    side: Buy,
    price: 564.326427000000,
    quantity: 0.0127585731511382861394864288,
    created_timestamp: 2025-07-03T13:54:34.883916Z,
}
2025-07-03T13:54:34.884215Z DEBUG symm_core::order_sender::inventory_manager: No more asset orders
2025-07-03T13:54:34.884226Z DEBUG binance_order_sending::trading_markets: Applying filters to: sybol=ETHEUR, price=2238.06378400, quantity=0.00223407
2025-07-03T13:54:34.884249Z DEBUG binance_order_sending::trading_markets: Applying PriceFilter: min=0.01000000, max=100000.00000000, tick=0.01000000
2025-07-03T13:54:34.884269Z DEBUG binance_order_sending::trading_markets: Applying LotSize: min=0.00010000, max=90000.00000000, step=0.00010000
2025-07-03T13:54:34.884284Z DEBUG binance_order_sending::trading_markets: Applying Notional: min=5.00000000, max=9000000.00000000
2025-07-03T13:54:34.884300Z DEBUG binance_order_sending::trading_markets: Applying filters to: sybol=ETHEUR, price=2238.07000000, quantity=0.00230000
2025-07-03T13:54:34.884311Z DEBUG binance_order_sending::trading_markets: Applying PriceFilter: min=0.01000000, max=100000.00000000, tick=0.01000000
2025-07-03T13:54:34.884322Z DEBUG binance_order_sending::trading_markets: Applying LotSize: min=0.00010000, max=90000.00000000, step=0.00010000
2025-07-03T13:54:34.884334Z DEBUG binance_order_sending::trading_markets: Applying Notional: min=5.00000000, max=9000000.00000000
2025-07-03T13:54:34.884349Z DEBUG binance_order_sending::trading_session: PlaceOrder: OrderPlaceParams {
    symbol: "ETHEUR",
    side: Buy,
    type: Limit,
    id: None,
    time_in_force: Some(
        Ioc,
    ),
    price: Some(
        2238.07000000,
    ),
    quantity: Some(
        0.00230000,
    ),
    quote_order_qty: None,
    new_client_order_id: Some(
        "O-1751550874883",
    ),
    new_order_resp_type: None,
    stop_price: None,
    trailing_delta: None,
    iceberg_qty: None,
    strategy_id: None,
    strategy_type: None,
    self_trade_prevention_mode: None,
    recv_window: Some(
        10000,
    ),
}
2025-07-03T13:54:35.180068Z DEBUG binance_order_sending::trading_session: User data: Object {
    "C": String(""),
    "E": Number(1751550875096),
    "F": String("0.00000000"),
    "I": Number(7664360035),
    "L": String("0.00000000"),
    "M": Bool(false),
    "N": Null,
    "O": Number(1751550875096),
    "P": String("0.00000000"),
    "Q": String("0.00000000"),
    "S": String("BUY"),
    "T": Number(1751550875096),
    "V": String("EXPIRE_MAKER"),
    "W": Number(1751550875096),
    "X": String("NEW"),
    "Y": String("0.00000000"),
    "Z": String("0.00000000"),
    "c": String("O-1751550874883"),
    "e": String("executionReport"),
    "f": String("IOC"),
    "g": Number(-1),
    "i": Number(3793375324),
    "l": String("0.00000000"),
    "m": Bool(false),
    "n": String("0"),
    "o": String("LIMIT"),
    "p": String("2238.07000000"),
    "q": String("0.00230000"),
    "r": String("NONE"),
    "s": String("ETHEUR"),
    "t": Number(-1),
    "w": Bool(true),
    "x": String("NEW"),
    "z": String("0.00000000"),
}
2025-07-03T13:54:35.180151Z DEBUG binance_order_sending::trading_session: PlaceOrder returned: WebsocketApiResponse {
    raw: Object {
        "clientOrderId": String("O-1751550874883"),
        "cummulativeQuoteQty": String("5.14703200"),
        "executedQty": String("0.00230000"),
        "fills": Array [
            Object {
                "commission": String("0.00000651"),
                "commissionAsset": String("BNB"),
                "price": String("2237.84000000"),
                "qty": String("0.00230000"),
                "tradeId": Number(105180606),
            },
        ],
        "orderId": Number(3793375324),
        "orderListId": Number(-1),
        "origQty": String("0.00230000"),
        "origQuoteOrderQty": String("0.00000000"),
        "price": String("2238.07000000"),
        "selfTradePreventionMode": String("EXPIRE_MAKER"),
        "side": String("BUY"),
        "status": String("FILLED"),
        "symbol": String("ETHEUR"),
        "timeInForce": String("IOC"),
        "transactTime": Number(1751550875096),
        "type": String("LIMIT"),
        "workingTime": Number(1751550875096),
    },
    rate_limits: Some(
        [
            WebsocketApiRateLimit {
                rate_limit_type: Orders,
                interval: Second,
                interval_num: 10,
                limit: 100,
                count: 1,
            },
            WebsocketApiRateLimit {
                rate_limit_type: Orders,
                interval: Day,
                interval_num: 1,
                limit: 200000,
                count: 1,
            },
            WebsocketApiRateLimit {
                rate_limit_type: RequestWeight,
                interval: Minute,
                interval_num: 1,
                limit: 6000,
                count: 39,
            },
        ],
    ),
}
2025-07-03T13:54:35.180442Z DEBUG binance_order_sending::trading_markets: Applying filters to: sybol=BNBEUR, price=564.32642700, quantity=0.01275857
2025-07-03T13:54:35.180450Z  INFO symm_core::order_sender::order_tracker: Order Status O-1751550874883: Sent(0.0022340739507717265309182091 @ 2238.063784000000) => Ack(0.00230000 @ 2238.07000000)
2025-07-03T13:54:35.180516Z DEBUG binance_order_sending::trading_markets: Applying PriceFilter: min=0.01000000, max=10000.00000000, tick=0.01000000
2025-07-03T13:54:35.180586Z DEBUG binance_order_sending::trading_markets: Applying LotSize: min=0.00100000, max=9222449.00000000, step=0.00100000
2025-07-03T13:54:35.180649Z DEBUG binance_order_sending::trading_markets: Applying Notional: min=5.00000000, max=9000000.00000000
2025-07-03T13:54:35.180703Z DEBUG binance_order_sending::trading_markets: Applying filters to: sybol=BNBEUR, price=564.33000000, quantity=0.01300000
2025-07-03T13:54:35.180658Z DEBUG binance_order_sending::trading_session: User data: Object {
    "C": String(""),
    "E": Number(1751550875096),
    "F": String("0.00000000"),
    "I": Number(7664360036),
    "L": String("2237.84000000"),
    "M": Bool(true),
    "N": String("BNB"),
    "O": Number(1751550875096),
    "P": String("0.00000000"),
    "Q": String("0.00000000"),
    "S": String("BUY"),
    "T": Number(1751550875096),
    "V": String("EXPIRE_MAKER"),
    "W": Number(1751550875096),
    "X": String("FILLED"),
    "Y": String("5.14703200"),
    "Z": String("5.14703200"),
    "c": String("O-1751550874883"),
    "e": String("executionReport"),
    "f": String("IOC"),
    "g": Number(-1),
    "i": Number(3793375324),
    "l": String("0.00230000"),
    "m": Bool(false),
    "n": String("0.00000651"),
    "o": String("LIMIT"),
    "p": String("2238.07000000"),
    "q": String("0.00230000"),
    "r": String("NONE"),
    "s": String("ETHEUR"),
    "t": Number(105180606),
    "w": Bool(false),
    "x": String("TRADE"),
    "z": String("0.00230000"),
}
2025-07-03T13:54:35.180741Z DEBUG binance_order_sending::trading_markets: Applying PriceFilter: min=0.01000000, max=10000.00000000, tick=0.01000000
2025-07-03T13:54:35.181205Z DEBUG binance_order_sending::trading_markets: Applying LotSize: min=0.00100000, max=9222449.00000000, step=0.00100000
2025-07-03T13:54:35.181259Z DEBUG binance_order_sending::trading_markets: Applying Notional: min=5.00000000, max=9000000.00000000
2025-07-03T13:54:35.181314Z DEBUG binance_order_sending::trading_session: PlaceOrder: OrderPlaceParams {
    symbol: "BNBEUR",
    side: Buy,
    type: Limit,
    id: None,
    time_in_force: Some(
        Ioc,
    ),
    price: Some(
        564.33000000,
    ),
    quantity: Some(
        0.01300000,
    ),
    quote_order_qty: None,
    new_client_order_id: Some(
        "O-1751550874884",
    ),
    new_order_resp_type: None,
    stop_price: None,
    trailing_delta: None,
    iceberg_qty: None,
    strategy_id: None,
    strategy_type: None,
    self_trade_prevention_mode: None,
    recv_window: Some(
        10000,
    ),
}
2025-07-03T13:54:35.181462Z  INFO index_maker::solver::solver: (solver) Handle Inventory Event OpenLot 105180606 Buy ETHEUR 0.00230 @ 2237.84000 + fee 0.00000 (0.000%)
2025-07-03T13:54:35.181769Z  INFO index_maker::solver::batch_manager: (batch-manager) Batch Position: Buy ETHEUR total=0.00223 volley=5.00000 pos=0.00230 real=5.14703 + fee=0.00000
2025-07-03T13:54:35.181898Z  INFO index_maker::solver::batch_manager: (batch-manager) Batch Status: B-1751550874870 volley=12.20000 fill=5.14754 frac=0.42193 real=5.14703 fee=0.00000
2025-07-03T13:54:35.182069Z  INFO index_maker::solver::batch_manager: (batch-manager) Fill Basket Asset: BNBEUR q=0.01274 pos=0.00000 aq=0.00000 cf=0.99884 afr=0.00000
2025-07-03T13:54:35.182161Z  INFO index_maker::solver::batch_manager: (batch-manager) Fill Basket Asset: ETHEUR q=0.00214 pos=0.00230 aq=0.00220 cf=0.95925 afr=1.02950
2025-07-03T13:54:35.182224Z DEBUG binance_order_sending::trading_session: User data: Object {
    "B": Array [
        Object {
            "a": String("ETH"),
            "f": String("0.00230000"),
            "l": String("0.00000000"),
        },
        Object {
            "a": String("BNB"),
            "f": String("0.00003916"),
            "l": String("0.00000000"),
        },
        Object {
            "a": String("EUR"),
            "f": String("18.53876200"),
            "l": String("0.00000000"),
        },
    ],
    "E": Number(1751550875096),
    "e": String("outboundAccountPosition"),
    "u": Number(1751550875096),
}
2025-07-03T13:54:35.182288Z  INFO index_maker::solver::solver: (solver) Handle Inventory Event Cancel O-1751550874883 B-1751550874870 ETHEUR
2025-07-03T13:54:35.182460Z  WARN binance_order_sending::trading_session: Cannot parse user data: Error("missing field `t`", line: 0, column: 0)
2025-07-03T13:54:35.477503Z DEBUG binance_order_sending::trading_session: User data: Object {
    "B": Array [
        Object {
            "a": String("BNB"),
            "f": String("0.01302990"),
            "l": String("0.00000000"),
        },
        Object {
            "a": String("EUR"),
            "f": String("11.20325200"),
            "l": String("0.00000000"),
        },
    ],
    "E": Number(1751550875395),
    "e": String("outboundAccountPosition"),
    "u": Number(1751550875395),
}
2025-07-03T13:54:35.477642Z  WARN binance_order_sending::trading_session: Cannot parse user data: Error("missing field `t`", line: 0, column: 0)
2025-07-03T13:54:35.477805Z DEBUG binance_order_sending::trading_session: PlaceOrder returned: WebsocketApiResponse {
    raw: Object {
        "clientOrderId": String("O-1751550874884"),
        "cummulativeQuoteQty": String("7.33551000"),
        "executedQty": String("0.01300000"),
        "fills": Array [
            Object {
                "commission": String("0.00000926"),
                "commissionAsset": String("BNB"),
                "price": String("564.27000000"),
                "qty": String("0.01300000"),
                "tradeId": Number(37840172),
            },
        ],
        "orderId": Number(803334286),
        "orderListId": Number(-1),
        "origQty": String("0.01300000"),
        "origQuoteOrderQty": String("0.00000000"),
        "price": String("564.33000000"),
        "selfTradePreventionMode": String("EXPIRE_MAKER"),
        "side": String("BUY"),
        "status": String("FILLED"),
        "symbol": String("BNBEUR"),
        "timeInForce": String("IOC"),
        "transactTime": Number(1751550875395),
        "type": String("LIMIT"),
        "workingTime": Number(1751550875395),
    },
    rate_limits: Some(
        [
            WebsocketApiRateLimit {
                rate_limit_type: Orders,
                interval: Second,
                interval_num: 10,
                limit: 100,
                count: 1,
            },
            WebsocketApiRateLimit {
                rate_limit_type: Orders,
                interval: Day,
                interval_num: 1,
                limit: 200000,
                count: 1,
            },
            WebsocketApiRateLimit {
                rate_limit_type: RequestWeight,
                interval: Minute,
                interval_num: 1,
                limit: 6000,
                count: 40,
            },
        ],
    ),
}
2025-07-03T13:54:35.477876Z DEBUG binance_order_sending::trading_session: User data: Object {
    "C": String(""),
    "E": Number(1751550875395),
    "F": String("0.00000000"),
    "I": Number(1639730087),
    "L": String("0.00000000"),
    "M": Bool(false),
    "N": Null,
    "O": Number(1751550875395),
    "P": String("0.00000000"),
    "Q": String("0.00000000"),
    "S": String("BUY"),
    "T": Number(1751550875395),
    "V": String("EXPIRE_MAKER"),
    "W": Number(1751550875395),
    "X": String("NEW"),
    "Y": String("0.00000000"),
    "Z": String("0.00000000"),
    "c": String("O-1751550874884"),
    "e": String("executionReport"),
    "f": String("IOC"),
    "g": Number(-1),
    "i": Number(803334286),
    "l": String("0.00000000"),
    "m": Bool(false),
    "n": String("0"),
    "o": String("LIMIT"),
    "p": String("564.33000000"),
    "q": String("0.01300000"),
    "r": String("NONE"),
    "s": String("BNBEUR"),
    "t": Number(-1),
    "w": Bool(true),
    "x": String("NEW"),
    "z": String("0.00000000"),
}
2025-07-03T13:54:35.478350Z  INFO symm_core::order_sender::order_tracker: Order Status O-1751550874884: Sent(0.0127585731511382861394864288 @ 564.326427000000) => Ack(0.01300000 @ 564.33000000)
2025-07-03T13:54:35.478506Z DEBUG binance_order_sending::trading_session: User data: Object {
    "C": String(""),
    "E": Number(1751550875395),
    "F": String("0.00000000"),
    "I": Number(1639730088),
    "L": String("564.27000000"),
    "M": Bool(true),
    "N": String("BNB"),
    "O": Number(1751550875395),
    "P": String("0.00000000"),
    "Q": String("0.00000000"),
    "S": String("BUY"),
    "T": Number(1751550875395),
    "V": String("EXPIRE_MAKER"),
    "W": Number(1751550875395),
    "X": String("FILLED"),
    "Y": String("7.33551000"),
    "Z": String("7.33551000"),
    "c": String("O-1751550874884"),
    "e": String("executionReport"),
    "f": String("IOC"),
    "g": Number(-1),
    "i": Number(803334286),
    "l": String("0.01300000"),
    "m": Bool(false),
    "n": String("0.00000926"),
    "o": String("LIMIT"),
    "p": String("564.33000000"),
    "q": String("0.01300000"),
    "r": String("NONE"),
    "s": String("BNBEUR"),
    "t": Number(37840172),
    "w": Bool(false),
    "x": String("TRADE"),
    "z": String("0.01300000"),
}
2025-07-03T13:54:35.478946Z  INFO index_maker::solver::solver: (solver) Handle Inventory Event OpenLot 37840172 Buy BNBEUR 0.01300 @ 564.27000 + fee 0.00000 (0.000%)
2025-07-03T13:54:35.479047Z  INFO index_maker::solver::batch_manager: (batch-manager) Batch Position: Buy BNBEUR total=0.01275 volley=7.19999 pos=0.01300 real=7.33551 + fee=0.00000
2025-07-03T13:54:35.479097Z  INFO index_maker::solver::batch_manager: (batch-manager) Batch Status: B-1751550874870 volley=12.20000 fill=12.48379 frac=1.02326 real=12.48254 fee=0.00001
2025-07-03T13:54:35.479182Z  INFO index_maker::solver::batch_manager: (batch-manager) Fill Basket Asset: BNBEUR q=0.01274 pos=0.01300 aq=0.01298 cf=0.99884 afr=1.01892
2025-07-03T13:54:35.479250Z  INFO index_maker::solver::batch_manager: (batch-manager) Fill Basket Asset: ETHEUR q=0.00214 pos=0.00230 aq=0.00220 cf=0.95925 afr=1.02950
2025-07-03T13:54:35.479355Z  INFO index_maker::solver::batch_manager: (batch-asset-position) IndexOrder allocation for C-1751550869831 37840172 BNBEUR q=0.01274 p=564.27000 fee=0.00000
2025-07-03T13:54:35.479404Z  INFO index_maker::solver::batch_manager: (batch-asset-position) IndexOrder allocation for C-1751550869831 105180606 ETHEUR q=0.00214 p=2237.84000 fee=0.00000
2025-07-03T13:54:35.479455Z  INFO index_maker::solver::batch_manager: (batch-manager) Fill Index Order: ifq=0.01198 irc=-0.00000 iec=0.01317 ics=11.98682 cs=11.98682 rc=0.01317 bfr=100.000% ofr=99.890%
2025-07-03T13:54:35.479582Z  INFO index_maker::app::simple_server: Received response: IndexOrderFill { chain_id: 1, address: 0xd8da6bf26964af9d7eed9e03e53415d37aa96045, client_order_id: ClientOrderId("C-1751550869831"), filled_quantity: 0.0119865071004036230690272751, collateral_spent: 11.986828450035032928757365366, collateral_remaining: 12.000000000000000000000000000, timestamp: 2025-07-03T13:54:35.478827Z }
2025-07-03T13:54:35.479709Z  INFO index_maker::solver::mint_invoice: (report) == Fill Report == 
2025-07-03T13:54:35.479725Z  INFO index_maker::solver::mint_invoice: (report)
2025-07-03T13:54:35.479737Z  INFO index_maker::solver::mint_invoice: (report) Date:  2025-07-03 13:54:35.478827 UTC 
2025-07-03T13:54:35.479750Z  INFO index_maker::solver::mint_invoice: (report) To:    [1:0xd8dA6BF26964aF9D7eEd9e03E53415D37aA96045]
2025-07-03T13:54:35.479912Z  INFO index_maker::solver::mint_invoice: (report) Order: C-1751550869831
2025-07-03T13:54:35.479924Z  INFO index_maker::solver::mint_invoice: (report) Index: SO2
2025-07-03T13:54:35.479934Z  INFO index_maker::solver::mint_invoice: (report)
2025-07-03T13:54:35.479944Z  INFO index_maker::solver::mint_invoice: (report) Collateral Spent: 11.98682
2025-07-03T13:54:35.479968Z  INFO index_maker::solver::mint_invoice: (report) Filed Quantity: 0.01198
2025-07-03T13:54:35.479991Z  INFO index_maker::solver::mint_invoice: (report)
2025-07-03T13:54:35.480001Z  INFO index_maker::solver::mint_invoice: (report)
2025-07-03T13:54:35.480011Z  INFO index_maker::solver::mint_invoice: (report)          Item         |    Qty     |  Amount  
2025-07-03T13:54:35.480040Z  INFO index_maker::solver::mint_invoice: (report) ----------------------------------------------
2025-07-03T13:54:35.480051Z  INFO index_maker::solver::mint_invoice: (report) Filled                |    0.01198 |          
2025-07-03T13:54:35.480074Z  INFO index_maker::solver::mint_invoice: (report) Total Filled          |    0.01198 |  11.98682
2025-07-03T13:54:35.480120Z  INFO index_maker::solver::mint_invoice: (report) ----------------------------------------------
2025-07-03T13:54:35.480131Z  INFO index_maker::solver::mint_invoice: (report) Collateral              Remaining  |   0.01317
2025-07-03T13:54:35.480163Z  INFO index_maker::solver::mint_invoice: (report) ----------------------------------------------
2025-07-03T13:54:35.480173Z  INFO index_maker::solver::mint_invoice: (report) of which                Engaged    |   0.01317
2025-07-03T13:54:35.480218Z  INFO index_maker::solver::mint_invoice: (report)                         Unengaged  |   0.00000
2025-07-03T13:54:35.480243Z  INFO index_maker::solver::mint_invoice: (report) ----------------------------------------------
2025-07-03T13:54:35.480254Z  INFO index_maker::solver::mint_invoice: (report)
2025-07-03T13:54:35.480265Z  INFO index_maker::solver::mint_invoice: (report) -- All User Orders --
2025-07-03T13:54:35.480275Z  INFO index_maker::solver::mint_invoice: (report)
2025-07-03T13:54:35.480284Z  INFO index_maker::solver::mint_invoice: (report) To:    [1:0xd8dA6BF26964aF9D7eEd9e03E53415D37aA96045]
2025-07-03T13:54:35.480375Z  INFO index_maker::solver::mint_invoice: (report) Index: SO2
2025-07-03T13:54:35.480386Z  INFO index_maker::solver::mint_invoice: (report)
2025-07-03T13:54:35.480407Z  INFO index_maker::solver::mint_invoice: (report) ----------------------------------------------
2025-07-03T13:54:35.480418Z  INFO index_maker::solver::mint_invoice: (report) Total Filled          |    0.01198 |  11.98682
2025-07-03T13:54:35.480461Z  INFO index_maker::solver::mint_invoice: (report) ----------------------------------------------
2025-07-03T13:54:35.480472Z  INFO index_maker::solver::mint_invoice: (report) Total Collateral        Remaining  |   0.01317
2025-07-03T13:54:35.480494Z  INFO index_maker::solver::mint_invoice: (report)
2025-07-03T13:54:35.480507Z  INFO index_maker::solver::solver: (solver) Set Index Order Status: C-1751550869831 PartlyMintable
2025-07-03T13:54:35.480532Z  INFO index_maker::solver::solver: (solver) Handle Inventory Event Cancel O-1751550874884 B-1751550874870 BNBEUR
2025-07-03T13:54:35.480559Z  INFO index_maker::solver::batch_manager: (batch-manager) Batch is all cancelled B-1751550874870
2025-07-03T13:54:35.480581Z  INFO index_maker::solver::batch_manager: (batch-order-status) Carried over ETHEUR Buy 0.00015
2025-07-03T13:54:35.480611Z  INFO index_maker::solver::batch_manager: (batch-order-status) Carried over BNBEUR Buy 0.00025
2025-07-03T13:54:35.480640Z  INFO index_maker::solver::batch_manager: (batch-manager) Will continue Index Order C-1751550869831 cc=0.01317
2025-07-03T13:54:35.480688Z  INFO index_maker::solver::solver: (solver) Handle Batch Complete B-1751550874870
2025-07-03T13:54:35.493327Z  INFO index_maker::solver::solvers::simple_solver: (simple-solver) Price: Buy BNBEUR 564.27000000
2025-07-03T13:54:35.493356Z  INFO index_maker::solver::solvers::simple_solver: (simple-solver) Price: Buy ETHEUR 2237.84000000
2025-07-03T13:54:35.493389Z  INFO index_maker::solver::solvers::simple_solver: (simple-solver) Price Limit: ETHEUR 2238.063784000000
2025-07-03T13:54:35.493414Z  INFO index_maker::solver::solvers::simple_solver: (simple-solver) Price Limit: BNBEUR 564.326427000000
2025-07-03T13:54:35.493464Z  INFO index_maker::solver::solvers::simple_solver: (simple-solver) Index Price: SO2 1000.1255484684370035289592172
2025-07-03T13:54:35.493561Z  INFO index_maker::solver::solvers::simple_solver: (simple-solver) Collateral to Quantity for Index Order: C-1751550869831 c=-0.00000 cc=0.01317 ca=0.01315 cu=0.01315 p=1000.12554 q=0.00001 ff=1.00100
2025-07-03T13:54:35.493668Z  INFO index_maker::solver::solvers::simple_solver: (simple-solver) Asset Quantity for Index Order: C-1751550869831 BNBEUR q=0.00001 baq=1.06318 oq=0.00001
2025-07-03T13:54:35.493733Z  INFO index_maker::solver::solvers::simple_solver: (simple-solver) Asset Quantity for Index Order: C-1751550869831 ETHEUR q=0.00000 baq=0.17878 oq=0.00001
2025-07-03T13:54:35.493839Z  INFO index_maker::solver::solvers::simple_solver: (simple-solver) Fitting Quantity for Index Order: C-1751550869831 ETHEUR 0.00001 tal=0.85600 taq=0.00000 acf=1.00000 alc=0.85600 poq=4.78776
2025-07-03T13:54:35.493920Z  INFO index_maker::solver::solvers::simple_solver: (simple-solver) Fitting Quantity for Index Order: C-1751550869831 BNBEUR 0.00001 tal=1.25100 taq=0.00001 acf=1.00000 alc=1.25100 poq=1.17665
2025-07-03T13:54:35.494073Z  INFO index_maker::solver::solvers::simple_solver: (simple-solver) Padding BNBEUR: 0.0078938391704614155248644557 => 5.0, 0.0000139880728471739912418889 => 0.00886012024384603204131002 (+0.0088461321709988580500681311)
2025-07-03T13:54:35.494172Z  INFO index_maker::solver::solvers::simple_solver: (simple-solver) Padding ETHEUR: 0.0052645524029322620402050540 => 5.0, 0.0000023522798771727330002696 => 0.0022340739507717265309182091 (+0.0022317216708945537979179395)
2025-07-03T13:54:35.494284Z  INFO index_maker::solver::solvers::simple_solver: (simple-solver) Asset Fractions for Index Order: C-1751550869831 BNBEUR taq=0.00886 acf=0.00157
2025-07-03T13:54:35.494333Z  INFO index_maker::solver::solvers::simple_solver: (simple-solver) Asset Fractions for Index Order: C-1751550869831 ETHEUR taq=0.00223 acf=0.00105
2025-07-03T13:54:35.494464Z  INFO index_maker::solver::solvers::simple_solver: (simple-solver) Solver Order Engagement: C-1751550869831 SO2 eq=0.00001 ep=1000.12554 ec=0.01317
2025-07-03T13:54:35.494647Z  INFO index_maker::solver::batch_manager: (batch-manager) Handle Index Order EngageIndexOrder B-1751550875494
2025-07-03T13:54:35.507407Z  INFO index_maker::solver::batch_manager: (batch-manager) Sending Batch: Buy BNBEUR: 0.00860 @ 564.32642; Buy ETHEUR: 0.00207 @ 2238.06378
2025-07-03T13:54:35.507439Z DEBUG symm_core::order_sender::inventory_manager: New order batch: B-1751550875494
2025-07-03T13:54:35.507461Z DEBUG symm_core::order_sender::order_tracker: NewOrder: O-1751550875507
2025-07-03T13:54:35.507491Z DEBUG binance_order_sending::binance_order_sending: Send to: BinanceAccount-1 command: SingleOrder {
    order_id: OrderId(
        "O-1751550875507",
    ),
    batch_order_id: BatchOrderId(
        "B-1751550875494",
    ),
    symbol: Atom('BNBEUR' type=inline),
    side: Buy,
    price: 564.326427000000,
    quantity: 0.0086040170982438762960863545,
    created_timestamp: 2025-07-03T13:54:35.507188Z,
}
2025-07-03T13:54:35.507610Z DEBUG symm_core::order_sender::order_tracker: NewOrder: O-1751550875508
2025-07-03T13:54:35.507645Z DEBUG binance_order_sending::binance_order_sending: Send to: BinanceAccount-1 command: SingleOrder {
    order_id: OrderId(
        "O-1751550875508",
    ),
    batch_order_id: BatchOrderId(
        "B-1751550875494",
    ),
    symbol: Atom('ETHEUR' type=inline),
    side: Buy,
    price: 2238.063784000000,
    quantity: 0.0020771291417819186368584773,
    created_timestamp: 2025-07-03T13:54:35.507188Z,
}
2025-07-03T13:54:35.507727Z DEBUG symm_core::order_sender::inventory_manager: No more asset orders
2025-07-03T13:54:35.507697Z DEBUG binance_order_sending::trading_markets: Applying filters to: sybol=BNBEUR, price=564.32642700, quantity=0.00860402
2025-07-03T13:54:35.507764Z DEBUG binance_order_sending::trading_markets: Applying PriceFilter: min=0.01000000, max=10000.00000000, tick=0.01000000
2025-07-03T13:54:35.507830Z DEBUG binance_order_sending::trading_markets: Applying LotSize: min=0.00100000, max=9222449.00000000, step=0.00100000
2025-07-03T13:54:35.507888Z DEBUG binance_order_sending::trading_markets: Applying Notional: min=5.00000000, max=9000000.00000000
2025-07-03T13:54:35.507942Z DEBUG binance_order_sending::trading_markets: Applying filters to: sybol=BNBEUR, price=564.33000000, quantity=0.00900000
2025-07-03T13:54:35.507979Z DEBUG binance_order_sending::trading_markets: Applying PriceFilter: min=0.01000000, max=10000.00000000, tick=0.01000000
2025-07-03T13:54:35.508026Z DEBUG binance_order_sending::trading_markets: Applying LotSize: min=0.00100000, max=9222449.00000000, step=0.00100000
2025-07-03T13:54:35.508089Z DEBUG binance_order_sending::trading_markets: Applying Notional: min=5.00000000, max=9000000.00000000
2025-07-03T13:54:35.508142Z DEBUG binance_order_sending::trading_session: PlaceOrder: OrderPlaceParams {
    symbol: "BNBEUR",
    side: Buy,
    type: Limit,
    id: None,
    time_in_force: Some(
        Ioc,
    ),
    price: Some(
        564.33000000,
    ),
    quantity: Some(
        0.00900000,
    ),
    quote_order_qty: None,
    new_client_order_id: Some(
        "O-1751550875507",
    ),
    new_order_resp_type: None,
    stop_price: None,
    trailing_delta: None,
    iceberg_qty: None,
    strategy_id: None,
    strategy_type: None,
    self_trade_prevention_mode: None,
    recv_window: Some(
        10000,
    ),
}
2025-07-03T13:54:35.802000Z DEBUG binance_order_sending::trading_session: User data: Object {
    "B": Array [
        Object {
            "a": String("BNB"),
            "f": String("0.02202349"),
            "l": String("0.00000000"),
        },
        Object {
            "a": String("EUR"),
            "f": String("6.12482200"),
            "l": String("0.00000000"),
        },
    ],
    "E": Number(1751550875720),
    "e": String("outboundAccountPosition"),
    "u": Number(1751550875720),
}
2025-07-03T13:54:35.802177Z  WARN binance_order_sending::trading_session: Cannot parse user data: Error("missing field `t`", line: 0, column: 0)
2025-07-03T13:54:35.802412Z DEBUG binance_order_sending::trading_session: User data: Object {
    "C": String(""),
    "E": Number(1751550875720),
    "F": String("0.00000000"),
    "I": Number(1639730093),
    "L": String("0.00000000"),
    "M": Bool(false),
    "N": Null,
    "O": Number(1751550875720),
    "P": String("0.00000000"),
    "Q": String("0.00000000"),
    "S": String("BUY"),
    "T": Number(1751550875720),
    "V": String("EXPIRE_MAKER"),
    "W": Number(1751550875720),
    "X": String("NEW"),
    "Y": String("0.00000000"),
    "Z": String("0.00000000"),
    "c": String("O-1751550875507"),
    "e": String("executionReport"),
    "f": String("IOC"),
    "g": Number(-1),
    "i": Number(803334288),
    "l": String("0.00000000"),
    "m": Bool(false),
    "n": String("0"),
    "o": String("LIMIT"),
    "p": String("564.33000000"),
    "q": String("0.00900000"),
    "r": String("NONE"),
    "s": String("BNBEUR"),
    "t": Number(-1),
    "w": Bool(true),
    "x": String("NEW"),
    "z": String("0.00000000"),
}
2025-07-03T13:54:35.802418Z DEBUG binance_order_sending::trading_session: PlaceOrder returned: WebsocketApiResponse {
    raw: Object {
        "clientOrderId": String("O-1751550875507"),
        "cummulativeQuoteQty": String("5.07843000"),
        "executedQty": String("0.00900000"),
        "fills": Array [
            Object {
                "commission": String("0.00000641"),
                "commissionAsset": String("BNB"),
                "price": String("564.27000000"),
                "qty": String("0.00900000"),
                "tradeId": Number(37840173),
            },
        ],
        "orderId": Number(803334288),
        "orderListId": Number(-1),
        "origQty": String("0.00900000"),
        "origQuoteOrderQty": String("0.00000000"),
        "price": String("564.33000000"),
        "selfTradePreventionMode": String("EXPIRE_MAKER"),
        "side": String("BUY"),
        "status": String("FILLED"),
        "symbol": String("BNBEUR"),
        "timeInForce": String("IOC"),
        "transactTime": Number(1751550875720),
        "type": String("LIMIT"),
        "workingTime": Number(1751550875720),
    },
    rate_limits: Some(
        [
            WebsocketApiRateLimit {
                rate_limit_type: Orders,
                interval: Second,
                interval_num: 10,
                limit: 100,
                count: 1,
            },
            WebsocketApiRateLimit {
                rate_limit_type: Orders,
                interval: Day,
                interval_num: 1,
                limit: 200000,
                count: 1,
            },
            WebsocketApiRateLimit {
                rate_limit_type: RequestWeight,
                interval: Minute,
                interval_num: 1,
                limit: 6000,
                count: 41,
            },
        ],
    ),
}
2025-07-03T13:54:35.802745Z DEBUG binance_order_sending::trading_markets: Applying filters to: sybol=ETHEUR, price=2238.06378400, quantity=0.00207713
2025-07-03T13:54:35.802883Z DEBUG binance_order_sending::trading_markets: Applying PriceFilter: min=0.01000000, max=100000.00000000, tick=0.01000000
2025-07-03T13:54:35.802955Z DEBUG binance_order_sending::trading_markets: Applying LotSize: min=0.00010000, max=90000.00000000, step=0.00010000
2025-07-03T13:54:35.802947Z DEBUG binance_order_sending::trading_session: User data: Object {
    "C": String(""),
    "E": Number(1751550875720),
    "F": String("0.00000000"),
    "I": Number(1639730094),
    "L": String("564.27000000"),
    "M": Bool(true),
    "N": String("BNB"),
    "O": Number(1751550875720),
    "P": String("0.00000000"),
    "Q": String("0.00000000"),
    "S": String("BUY"),
    "T": Number(1751550875720),
    "V": String("EXPIRE_MAKER"),
    "W": Number(1751550875720),
    "X": String("FILLED"),
    "Y": String("5.07843000"),
    "Z": String("5.07843000"),
    "c": String("O-1751550875507"),
    "e": String("executionReport"),
    "f": String("IOC"),
    "g": Number(-1),
    "i": Number(803334288),
    "l": String("0.00900000"),
    "m": Bool(false),
    "n": String("0.00000641"),
    "o": String("LIMIT"),
    "p": String("564.33000000"),
    "q": String("0.00900000"),
    "r": String("NONE"),
    "s": String("BNBEUR"),
    "t": Number(37840173),
    "w": Bool(false),
    "x": String("TRADE"),
    "z": String("0.00900000"),
}
2025-07-03T13:54:35.803104Z  INFO symm_core::order_sender::order_tracker: Order Status O-1751550875507: Sent(0.0086040170982438762960863545 @ 564.326427000000) => Ack(0.00900000 @ 564.33000000)
2025-07-03T13:54:35.803011Z DEBUG binance_order_sending::trading_markets: Applying Notional: min=5.00000000, max=9000000.00000000
2025-07-03T13:54:35.803421Z  INFO index_maker::solver::solver: (solver) Handle Inventory Event OpenLot 37840173 Buy BNBEUR 0.00900 @ 564.27000 + fee 0.00000 (0.000%)
2025-07-03T13:54:35.803619Z  WARN binance_order_sending::trading_markets: Padding quantity to match minimum notional: 0.00210000 => 0.0022340677458703257717587028 (min_notional = 5.00000000)
2025-07-03T13:54:35.803667Z DEBUG binance_order_sending::trading_markets: Applying filters to: sybol=ETHEUR, price=2238.07000000, quantity=0.00223407
2025-07-03T13:54:35.803689Z DEBUG binance_order_sending::trading_markets: Applying PriceFilter: min=0.01000000, max=100000.00000000, tick=0.01000000
2025-07-03T13:54:35.803664Z  INFO index_maker::solver::batch_manager: (batch-manager) Batch Position: Buy BNBEUR total=0.00886 volley=4.99999 pos=0.00925 real=5.07843 + fee=0.00000
2025-07-03T13:54:35.803715Z DEBUG binance_order_sending::trading_markets: Applying LotSize: min=0.00010000, max=90000.00000000, step=0.00010000
2025-07-03T13:54:35.803744Z DEBUG binance_order_sending::trading_markets: Applying Notional: min=5.00000000, max=9000000.00000000
2025-07-03T13:54:35.803725Z  INFO index_maker::solver::batch_manager: (batch-manager) Batch Status: B-1751550875494 volley=10.00000 fill=5.07893 frac=0.50789 real=5.07843 fee=0.00000
2025-07-03T13:54:35.803856Z DEBUG binance_order_sending::trading_session: PlaceOrder: OrderPlaceParams {
    symbol: "ETHEUR",
    side: Buy,
    type: Limit,
    id: None,
    time_in_force: Some(
        Ioc,
    ),
    price: Some(
        2238.07000000,
    ),
    quantity: Some(
        0.00230000,
    ),
    quote_order_qty: None,
    new_client_order_id: Some(
        "O-1751550875508",
    ),
    new_order_resp_type: None,
    stop_price: None,
    trailing_delta: None,
    iceberg_qty: None,
    strategy_id: None,
    strategy_type: None,
    self_trade_prevention_mode: None,
    recv_window: Some(
        10000,
    ),
}
2025-07-03T13:54:35.803883Z  INFO index_maker::solver::solver: (solver) Handle Inventory Event Cancel O-1751550875507 B-1751550875494 BNBEUR
2025-07-03T13:54:36.096785Z DEBUG binance_order_sending::trading_session: User data: Object {
    "B": Array [
        Object {
            "a": String("ETH"),
            "f": String("0.00460000"),
            "l": String("0.00000000"),
        },
        Object {
            "a": String("BNB"),
            "f": String("0.02201698"),
            "l": String("0.00000000"),
        },
        Object {
            "a": String("EUR"),
            "f": String("0.97877900"),
            "l": String("0.00000000"),
        },
    ],
    "E": Number(1751550876015),
    "e": String("outboundAccountPosition"),
    "u": Number(1751550876014),
}
2025-07-03T13:54:36.096952Z  WARN binance_order_sending::trading_session: Cannot parse user data: Error("missing field `t`", line: 0, column: 0)
2025-07-03T13:54:36.097124Z DEBUG binance_order_sending::trading_session: PlaceOrder returned: WebsocketApiResponse {
    raw: Object {
        "clientOrderId": String("O-1751550875508"),
        "cummulativeQuoteQty": String("5.14604300"),
        "executedQty": String("0.00230000"),
        "fills": Array [
            Object {
                "commission": String("0.00000651"),
                "commissionAsset": String("BNB"),
                "price": String("2237.41000000"),
                "qty": String("0.00230000"),
                "tradeId": Number(105180611),
            },
        ],
        "orderId": Number(3793375425),
        "orderListId": Number(-1),
        "origQty": String("0.00230000"),
        "origQuoteOrderQty": String("0.00000000"),
        "price": String("2238.07000000"),
        "selfTradePreventionMode": String("EXPIRE_MAKER"),
        "side": String("BUY"),
        "status": String("FILLED"),
        "symbol": String("ETHEUR"),
        "timeInForce": String("IOC"),
        "transactTime": Number(1751550876014),
        "type": String("LIMIT"),
        "workingTime": Number(1751550876014),
    },
    rate_limits: Some(
        [
            WebsocketApiRateLimit {
                rate_limit_type: Orders,
                interval: Second,
                interval_num: 10,
                limit: 100,
                count: 1,
            },
            WebsocketApiRateLimit {
                rate_limit_type: Orders,
                interval: Day,
                interval_num: 1,
                limit: 200000,
                count: 1,
            },
            WebsocketApiRateLimit {
                rate_limit_type: RequestWeight,
                interval: Minute,
                interval_num: 1,
                limit: 6000,
                count: 42,
            },
        ],
    ),
}
2025-07-03T13:54:36.097182Z DEBUG binance_order_sending::trading_session: User data: Object {
    "C": String(""),
    "E": Number(1751550876015),
    "F": String("0.00000000"),
    "I": Number(7664360242),
    "L": String("0.00000000"),
    "M": Bool(false),
    "N": Null,
    "O": Number(1751550876014),
    "P": String("0.00000000"),
    "Q": String("0.00000000"),
    "S": String("BUY"),
    "T": Number(1751550876014),
    "V": String("EXPIRE_MAKER"),
    "W": Number(1751550876014),
    "X": String("NEW"),
    "Y": String("0.00000000"),
    "Z": String("0.00000000"),
    "c": String("O-1751550875508"),
    "e": String("executionReport"),
    "f": String("IOC"),
    "g": Number(-1),
    "i": Number(3793375425),
    "l": String("0.00000000"),
    "m": Bool(false),
    "n": String("0"),
    "o": String("LIMIT"),
    "p": String("2238.07000000"),
    "q": String("0.00230000"),
    "r": String("NONE"),
    "s": String("ETHEUR"),
    "t": Number(-1),
    "w": Bool(true),
    "x": String("NEW"),
    "z": String("0.00000000"),
}
2025-07-03T13:54:36.097763Z  INFO symm_core::order_sender::order_tracker: Order Status O-1751550875508: Sent(0.0020771291417819186368584773 @ 2238.063784000000) => Ack(0.00230000 @ 2238.07000000)
2025-07-03T13:54:36.097926Z DEBUG binance_order_sending::trading_session: User data: Object {
    "C": String(""),
    "E": Number(1751550876015),
    "F": String("0.00000000"),
    "I": Number(7664360243),
    "L": String("2237.41000000"),
    "M": Bool(true),
    "N": String("BNB"),
    "O": Number(1751550876014),
    "P": String("0.00000000"),
    "Q": String("0.00000000"),
    "S": String("BUY"),
    "T": Number(1751550876014),
    "V": String("EXPIRE_MAKER"),
    "W": Number(1751550876014),
    "X": String("FILLED"),
    "Y": String("5.14604300"),
    "Z": String("5.14604300"),
    "c": String("O-1751550875508"),
    "e": String("executionReport"),
    "f": String("IOC"),
    "g": Number(-1),
    "i": Number(3793375425),
    "l": String("0.00230000"),
    "m": Bool(false),
    "n": String("0.00000651"),
    "o": String("LIMIT"),
    "p": String("2238.07000000"),
    "q": String("0.00230000"),
    "r": String("NONE"),
    "s": String("ETHEUR"),
    "t": Number(105180611),
    "w": Bool(false),
    "x": String("TRADE"),
    "z": String("0.00230000"),
}
2025-07-03T13:54:36.098391Z  INFO index_maker::solver::solver: (solver) Handle Inventory Event OpenLot 105180611 Buy ETHEUR 0.00230 @ 2237.41000 + fee 0.00000 (0.000%)
2025-07-03T13:54:36.098493Z  INFO index_maker::solver::batch_manager: (batch-manager) Batch Position: Buy ETHEUR total=0.00223 volley=5.00000 pos=0.00245 real=5.14604 + fee=0.00000
2025-07-03T13:54:36.098556Z  INFO index_maker::solver::batch_manager: (batch-manager) Batch Status: B-1751550875494 volley=10.00000 fill=10.22648 frac=1.02264 real=10.22447 fee=0.00001
2025-07-03T13:54:36.098632Z  INFO index_maker::solver::solver: (solver) Handle Inventory Event Cancel O-1751550875508 B-1751550875494 ETHEUR
2025-07-03T13:54:36.098655Z  INFO index_maker::solver::batch_manager: (batch-manager) Batch is all cancelled B-1751550875494
2025-07-03T13:54:36.098687Z  INFO index_maker::solver::batch_manager: (batch-order-status) Carried over BNBEUR Buy 0.00925
2025-07-03T13:54:36.098721Z  INFO index_maker::solver::batch_manager: (batch-order-status) Carried over ETHEUR Buy 0.00245
2025-07-03T13:54:36.098765Z  INFO index_maker::solver::solver: (solver) Handle Batch Complete B-1751550875494
2025-07-03T13:54:45.483105Z  INFO index_maker::solver::solver: (solver) Handle Batch Mintable
2025-07-03T13:54:45.495781Z  INFO index_maker::collateral::collateral_manager: (collateral-manager) Confirm Payment for 0xd8dA6BF26964aF9D7eEd9e03E53415D37aA96045 11.98682
2025-07-03T13:54:45.496222Z  INFO index_maker::collateral::collateral_position: (colateral-side) Spend for P-1751550867830 [P-1751550874856] 11.98682 ua=0.00000 ra=0.00000 pa=0.01317 sa=11.98682 (partial spend *)
2025-07-03T13:54:45.496425Z  INFO index_maker::solver::solver: (solver) Payment authorized: P-1751550874856
2025-07-03T13:54:45.496458Z  INFO index_maker::app::simple_chain: MintIndex: SO2 0.01198 11.98682 2025-07-03 13:54:45.495728 UTC
2025-07-03T13:54:45.496614Z  INFO index_maker::solver::index_order_manager: (index-order-manager) Removing entry for [1:0xd8dA6BF26964aF9D7eEd9e03E53415D37aA96045] SO2
2025-07-03T13:54:45.496799Z  INFO index_maker::solver::index_order_manager: (index-order-manager) Removing entry for [1:0xd8dA6BF26964aF9D7eEd9e03E53415D37aA96045]
2025-07-03T13:54:45.496995Z  INFO index_maker::solver::mint_invoice: (report) Closing Index Order [1:0xd8dA6BF26964aF9D7eEd9e03E53415D37aA96045] C-1751550869831
2025-07-03T13:54:45.497175Z  INFO index_maker::solver::mint_invoice: (report) C-1751550869831 SO2 rc=0.00000 cs=11.98682 ec=0.01317 fill=0.01198 fee=0.00000 (closed)
2025-07-03T13:54:45.497274Z  INFO index_maker::solver::mint_invoice: (report)
2025-07-03T13:54:45.497295Z  INFO index_maker::solver::mint_invoice: (report) == Mint Invoice == 
2025-07-03T13:54:45.497312Z  INFO index_maker::solver::mint_invoice: (report)
2025-07-03T13:54:45.497328Z  INFO index_maker::solver::mint_invoice: (report) Date:  2025-07-03 13:54:45.495728 UTC 
2025-07-03T13:54:45.497347Z  INFO index_maker::solver::mint_invoice: (report) To:    [1:0xd8dA6BF26964aF9D7eEd9e03E53415D37aA96045]
2025-07-03T13:54:45.497514Z  INFO index_maker::solver::mint_invoice: (report) Order: C-1751550869831
2025-07-03T13:54:45.497533Z  INFO index_maker::solver::mint_invoice: (report) Index: SO2
2025-07-03T13:54:45.497550Z  INFO index_maker::solver::mint_invoice: (report)
2025-07-03T13:54:45.497565Z  INFO index_maker::solver::mint_invoice: (report) Collateral Spent: 11.98682
2025-07-03T13:54:45.497607Z  INFO index_maker::solver::mint_invoice: (report) Filed Quantity: 0.01198
2025-07-03T13:54:45.497646Z  INFO index_maker::solver::mint_invoice: (report)
2025-07-03T13:54:45.497663Z  INFO index_maker::solver::mint_invoice: (report)
2025-07-03T13:54:45.497686Z  INFO index_maker::solver::mint_invoice: (report)     Lot     |   Symbol   |   Qty     |  Price    |   Fee     |  Amount  
2025-07-03T13:54:45.497752Z  INFO index_maker::solver::mint_invoice: (report) ------------------------------------------------------------------------
2025-07-03T13:54:45.497857Z  INFO index_maker::solver::mint_invoice: (report) 105180606   | ETHEUR     |   0.00214 |2237.84000 |   0.00000 |   4.79582
2025-07-03T13:54:45.497911Z  INFO index_maker::solver::mint_invoice: (report) 37840172    | BNBEUR     |   0.01274 | 564.27000 |   0.00000 |   7.19100
2025-07-03T13:54:45.498017Z  INFO index_maker::solver::mint_invoice: (report) ------------------------------------------------------------------------
2025-07-03T13:54:45.498040Z  INFO index_maker::solver::mint_invoice: (report) Sub-Total   | BNBEUR     |   0.01274 |~ 564.2700 |   0.00000 |   7.19100
2025-07-03T13:54:45.498095Z  INFO index_maker::solver::mint_invoice: (report) Sub-Total   | ETHEUR     |   0.00214 |~2237.8400 |   0.00000 |   4.79582
2025-07-03T13:54:45.498164Z  INFO index_maker::solver::mint_invoice: (report) ------------------------------------------------------------------------
2025-07-03T13:54:45.498175Z  INFO index_maker::solver::mint_invoice: (report)                                                Sub Total     |  11.98682
2025-07-03T13:54:45.498201Z  INFO index_maker::solver::mint_invoice: (report) P-1751550874856                                Paid          |  11.98682
2025-07-03T13:54:45.498225Z  INFO index_maker::solver::mint_invoice: (report)                                                Balance       |   0.00000
2025-07-03T13:54:45.498255Z  INFO index_maker::solver::mint_invoice: (report) ------------------------------------------------------------------------
2025-07-03T13:54:45.498266Z  INFO index_maker::solver::mint_invoice: (report) Collateral                                     Deposited     |  12.00000
2025-07-03T13:54:45.498291Z  INFO index_maker::solver::mint_invoice: (report) Management Fee                                 Paid          |   0.00000
2025-07-03T13:54:45.498303Z  INFO index_maker::solver::mint_invoice: (report)                                                Total Paid    |  11.98682
2025-07-03T13:54:45.498326Z  INFO index_maker::solver::mint_invoice: (report) Reached minting threshold before full spend    Balance       |   0.01317
2025-07-03T13:54:45.498364Z  INFO index_maker::solver::mint_invoice: (report) ------------------------------------------------------------------------
2025-07-03T13:54:45.498378Z  INFO index_maker::solver::mint_invoice: (report) Collateral used                                Fill Rate     | 99.89023%
2025-07-03T13:54:45.498408Z  INFO index_maker::solver::mint_invoice: (report) Less management fee                            Fill Rate     | 99.89023%
2025-07-03T13:54:45.498430Z  INFO index_maker::solver::mint_invoice: (report)
2025-07-03T13:54:45.498449Z  INFO index_maker::solver::solver: (solver) Set Index Order Status: C-1751550869831 Minted
2025-07-03T13:54:45.498478Z  INFO index_maker::solver::solver: (solver) Handle Cancel Index Order [1:0xd8dA6BF26964aF9D7eEd9e03E53415D37aA96045] C-1751550869831
2025-07-03T13:55:29.833316Z  INFO index_maker: Stopping solver...
2025-07-03T13:55:29.833657Z  INFO binance_order_sending::session: Session loop exited
2025-07-03T13:55:29.833688Z DEBUG symm_core::order_sender::order_tracker: (order-tracker) Session diconnected: BinanceAccount-1, Reason: Session ended
2025-07-03T13:55:29.833819Z  INFO binance_order_sending::arbiter: Loop exited
2025-07-03T13:55:29.833974Z  INFO index_maker::app::solver: Backend exited
2025-07-03T13:55:29.834045Z  INFO index_maker::app::solver: Quotes exited
2025-07-03T13:55:29.834093Z  INFO index_maker::app::solver: Solver exited
2025-07-03T13:55:29.834240Z  INFO index_maker::app::solver: Market data exited
2025-07-03T13:55:29.834446Z  INFO binance_market_data::subscriber: Snapshot loop exited
2025-07-03T13:55:29.834473Z  INFO binance_market_data::subscriber: Snapshot loop exited
2025-07-03T13:55:29.834674Z  INFO binance_market_data::subscriber: Market-Data loop exited
2025-07-03T13:55:29.835286Z  INFO binance_market_data::subscriber: Market-Data loop exited
2025-07-03T13:55:29.835363Z  INFO binance_market_data::arbiter: Loop exited
2025-07-03T13:55:29.835510Z  INFO index_maker: Done.
