2025-07-07T20:04:10.019668Z  INFO index_maker::solver::solver::test:     ================================================================| ^^^  -> Scenario begins |==
2025-07-07T20:04:10.019723Z  INFO index_maker::solver::solver::test: 
>>> Begin events
2025-07-07T20:04:10.019808Z  INFO index_maker::solver::solver::test: <<< End events

2025-07-07T20:04:10.019817Z  INFO index_maker::solver::solver::test:     ================================================================| ^^^ Market data sent |==
2025-07-07T20:04:10.019842Z  INFO index_maker::solver::solver::test: 
>>> Begin events
2025-07-07T20:04:10.019856Z  INFO index_maker::solver::solver: (solver) Handle Chain Event CuratorWeigthsSet IX
2025-07-07T20:04:10.019891Z  INFO index_maker::solver::solver: (solver) Handle Basket Notification BasketAdded IX
2025-07-07T20:04:10.019902Z  INFO index_maker::solver::solver::test: (mock) SolverWeightsSet: IX
2025-07-07T20:04:10.019911Z  INFO index_maker::solver::solver::test: (mock) Chain response sent
2025-07-07T20:04:10.019922Z  INFO index_maker::solver::solver::test: <<< End events

2025-07-07T20:04:10.019928Z  INFO index_maker::solver::solver::test:     ================================================================| ^^^ Solver weights sent |==
2025-07-07T20:04:10.019937Z  INFO index_maker::solver::solver::test: 
>>> Begin events
2025-07-07T20:04:10.019954Z  INFO index_maker::solver::solver::test: (mock) FIX Quote Response: ACK [1:0xd8dA6BF26964aF9D7eEd9e03E53415D37aA96045] Q-01 2025-07-07 20:04:10.019695 UTC
2025-07-07T20:04:10.020026Z  INFO index_maker::solver::solver::test: (mock) FIX response sent
2025-07-07T20:04:10.020083Z  INFO index_maker::solver::solver: (solver) Handle Quote Request
2025-07-07T20:04:10.020105Z  INFO index_maker::solver::solver::test: <<< End events

2025-07-07T20:04:10.020114Z  INFO index_maker::solver::solver::test:     ================================================================| ^^^ Sent FIX message: NewQuoteRequest |==
2025-07-07T20:04:10.020120Z  INFO index_maker::solver::solver::test: 
>>> Begin events
2025-07-07T20:04:10.020149Z  INFO index_maker::solver::solvers::simple_solver: (simple-solver) Price: Buy AX 100.0
2025-07-07T20:04:10.020162Z  INFO index_maker::solver::solvers::simple_solver: (simple-solver) Price: Buy AZ 300.0
2025-07-07T20:04:10.020173Z  INFO index_maker::solver::solvers::simple_solver: (simple-solver) Price Limit: AZ 303.000
2025-07-07T20:04:10.020181Z  INFO index_maker::solver::solvers::simple_solver: (simple-solver) Price Limit: AX 101.000
2025-07-07T20:04:10.020192Z  INFO index_maker::solver::solvers::simple_solver: (simple-solver) Index Price: IX 1039.9553332142219045917455780
2025-07-07T20:04:10.020213Z  INFO index_maker::solver::solver: (solver) Set Index Quote Status: Q-01 Ready
2025-07-07T20:04:10.020233Z  INFO index_maker::solver::solver::test: (mock) FIX Quote Response: EXE [1:0xd8dA6BF26964aF9D7eEd9e03E53415D37aA96045] Q-01 3.38235 2025-07-07 20:04:11.019695 UTC
2025-07-07T20:04:10.020295Z  INFO index_maker::solver::solver::test: (mock) FIX response sent
2025-07-07T20:04:10.020309Z  INFO index_maker::solver::solver::test: <<< End events

2025-07-07T20:04:10.020319Z  INFO index_maker::solver::solver::test:     ================================================================| ^^^ Clock moved forward 1.0s |==
2025-07-07T20:04:10.020327Z  INFO index_maker::solver::solver::test: 
>>> Begin events
2025-07-07T20:04:10.020336Z  INFO index_maker::solver::solver::test: <<< End events

2025-07-07T20:04:10.020341Z  INFO index_maker::solver::solver::test: 
>>> Begin events
2025-07-07T20:04:10.020360Z  INFO index_maker::collateral::collateral_manager: (collateral-manager) Deposit from [1:0xd8dA6BF26964aF9D7eEd9e03E53415D37aA96045] 3521.01750
2025-07-07T20:04:10.020429Z  INFO index_maker::solver::solver::test: <<< End events

2025-07-07T20:04:10.020437Z  INFO index_maker::solver::solver::test:     ================================================================| ^^^ Deposit sent |==
2025-07-07T20:04:10.020444Z  INFO index_maker::solver::solver::test: 
>>> Begin events
2025-07-07T20:04:10.020464Z  INFO index_maker::solver::solver::test: (mock) FIX Order Response: ACK [1:0xd8dA6BF26964aF9D7eEd9e03E53415D37aA96045] C-01 2025-07-07 20:04:11.019695 UTC
2025-07-07T20:04:10.020522Z  INFO index_maker::solver::solver::test: (mock) FIX response sent
2025-07-07T20:04:10.020536Z  INFO index_maker::solver::solver: (solver) Handle Index Order NewIndexOrder IX C-01 < C-01 from 0xd8dA6BF26964aF9D7eEd9e03E53415D37aA96045
2025-07-07T20:04:10.020600Z  INFO index_maker::solver::solver::test: <<< End events

2025-07-07T20:04:10.020608Z  INFO index_maker::solver::solver::test:     ================================================================| ^^^ Sent FIX message: NewIndexOrder |==
2025-07-07T20:04:10.020614Z  INFO index_maker::solver::solver::test: 
>>> Begin events
2025-07-07T20:04:10.020629Z  INFO index_maker::solver::solver: (solver) Set Index Order Status: C-01 ManageCollateral
2025-07-07T20:04:10.020641Z  INFO index_maker::solver::solvers::simple_solver: (simple-solver) Price: Buy AX 100.0
2025-07-07T20:04:10.020649Z  INFO index_maker::solver::solvers::simple_solver: (simple-solver) Price: Buy AZ 300.0
2025-07-07T20:04:10.020656Z  INFO index_maker::solver::solvers::simple_solver: (simple-solver) Price Limit: AX 101.000
2025-07-07T20:04:10.020664Z  INFO index_maker::solver::solvers::simple_solver: (simple-solver) Price Limit: AZ 303.000
2025-07-07T20:04:10.020682Z  INFO index_maker::collateral::collateral_manager: (collateral-manager) ManageCollateral for 0xd8dA6BF26964aF9D7eEd9e03E53415D37aA96045 C-01
2025-07-07T20:04:10.020754Z  INFO index_maker::solver::solver::test: <<< End events

2025-07-07T20:04:10.020763Z  INFO index_maker::solver::solver::test:     ================================================================| ^^^ Clock moved forward 10.0s |==
2025-07-07T20:04:10.020770Z  INFO index_maker::solver::solver::test: 
>>> Begin events
2025-07-07T20:04:10.020788Z  INFO index_maker::collateral::collateral_router: (collateral-router) Found route: T1:D1:C1, T2:D2:C2, T3:D3:C3
2025-07-07T20:04:10.020799Z  INFO index_maker::solver::solver::test: (mock) TransferFunds: from 1 0xd8dA6BF26964aF9D7eEd9e03E53415D37aA96045 C-01 for 3521.01750
2025-07-07T20:04:10.020865Z  INFO index_maker::solver::solver::test: (mock) Bridge event sent
2025-07-07T20:04:10.020895Z  INFO index_maker::collateral::collateral_router: (collateral-router) Found route: T1:D1:C1, T2:D2:C2, T3:D3:C3
2025-07-07T20:04:10.020906Z  INFO index_maker::collateral::collateral_router: (collateral-router) Route Hop for [1:0xd8dA6BF26964aF9D7eEd9e03E53415D37aA96045] C-01: (T1:D1:C1) T1:D1:C1 .. [T2:D2:C2] => T3:D3:C3 (T3:D3:C3) 3485.80732 35.21017
2025-07-07T20:04:10.020958Z  INFO index_maker::solver::solver::test: (mock) TransferFunds: from 1 0xd8dA6BF26964aF9D7eEd9e03E53415D37aA96045 C-01 for 3485.80732
2025-07-07T20:04:10.021016Z  INFO index_maker::solver::solver::test: (mock) Bridge event sent
2025-07-07T20:04:10.021032Z  INFO index_maker::collateral::collateral_router: (collateral-router) Route Complete for [1:0xd8dA6BF26964aF9D7eEd9e03E53415D37aA96045] C-01: T1:D1:C1 => T3:D3:C3 3450.94925 70.06824
2025-07-07T20:04:10.021094Z  INFO index_maker::collateral::collateral_manager: (collateral-manager) Transfer Complete for 1 0xd8dA6BF26964aF9D7eEd9e03E53415D37aA96045 C-01: T1:D1:C1 => T3:D3:C3 3450.94925 70.06824
2025-07-07T20:04:10.021158Z  INFO index_maker::collateral::collateral_position: (colateral-side) AddReady for P-01 3450.94925 ua=70.06824 ra=3450.94925 pa=0.00000 sa=0.00000 (partial confirm)
2025-07-07T20:04:10.021179Z  INFO index_maker::collateral::collateral_position: (colateral-side) AddReady for P-01 70.06824 ua=0.00000 ra=3521.01750 pa=0.00000 sa=0.00000 (full confirm)
2025-07-07T20:04:10.021199Z  INFO index_maker::collateral::collateral_position: (colateral-side) PreAuth for P-01 [Charges] C-01 70.06824 ua=0.00000 ra=3450.94925 pa=70.06824 sa=0.00000 (partial preauth)
2025-07-07T20:04:10.021222Z  INFO index_maker::collateral::collateral_position: (colateral-side) Spend for P-01 [Charges] 70.06824 ua=0.00000 ra=3450.94925 pa=0.00000 sa=70.06824 (partial spend)
2025-07-07T20:04:10.021249Z  INFO index_maker::solver::solver: (solver) CollateralReady for 1 0xd8dA6BF26964aF9D7eEd9e03E53415D37aA96045 3450.94925 70.06824
2025-07-07T20:04:10.021313Z  INFO index_maker::collateral::collateral_manager: (collateral-manager) PreAuth Payment for 0xd8dA6BF26964aF9D7eEd9e03E53415D37aA96045 3450.94925
2025-07-07T20:04:10.021367Z  INFO index_maker::collateral::collateral_position: (colateral-side) PreAuth for P-01 [P-02] C-01 3450.94925 ua=0.00000 ra=0.00000 pa=3450.94925 sa=70.06824 (full preauth)
2025-07-07T20:04:10.021399Z  INFO index_maker::solver::solver: (solver) Handle Index Order CollateralReady 1 < C-01 from 0xd8dA6BF26964aF9D7eEd9e03E53415D37aA96045: 3450.94925 70.06824
2025-07-07T20:04:10.021459Z  INFO index_maker::solver::solver: (solver) Set Index Order Status: C-01 Ready
2025-07-07T20:04:10.021471Z  INFO index_maker::solver::solver: (solver) PreAuth approved: P-02
2025-07-07T20:04:10.021484Z  INFO index_maker::solver::solver::test: <<< End events

2025-07-07T20:04:10.021490Z  INFO index_maker::solver::solver::test:     ================================================================| ^^^ Awaiting collateral |==
2025-07-07T20:04:10.021495Z  INFO index_maker::solver::solver::test: 
>>> Begin events
2025-07-07T20:04:10.021512Z  INFO index_maker::solver::solvers::simple_solver: (simple-solver) Price: Buy AX 100.0
2025-07-07T20:04:10.021522Z  INFO index_maker::solver::solvers::simple_solver: (simple-solver) Price: Buy AZ 300.0
2025-07-07T20:04:10.021531Z  INFO index_maker::solver::solvers::simple_solver: (simple-solver) Price Limit: AZ 303.000
2025-07-07T20:04:10.021539Z  INFO index_maker::solver::solvers::simple_solver: (simple-solver) Price Limit: AX 101.000
2025-07-07T20:04:10.021550Z  INFO index_maker::solver::solvers::simple_solver: (simple-solver) Index Price: IX 1039.9553332142219045917455780
2025-07-07T20:04:10.021571Z  INFO index_maker::solver::solvers::simple_solver: (simple-solver) Collateral to Quantity for Index Order: C-01 c=3450.94925 cc=0.00000 ca=3447.50175 cu=3000.00000 p=1039.95533 q=2.88473 ff=1.00100
2025-07-07T20:04:10.021603Z  INFO index_maker::solver::solvers::simple_solver: (simple-solver) Asset Quantity for Index Order: C-01 AX q=23.87370 baq=8.27586 oq=2.88473
2025-07-07T20:04:10.021628Z  INFO index_maker::solver::solvers::simple_solver: (simple-solver) Asset Quantity for Index Order: C-01 AZ q=1.94308 baq=0.67357 oq=2.88473
2025-07-07T20:04:10.021660Z  INFO index_maker::solver::solvers::simple_solver: (simple-solver) Fitting Quantity for Index Order: C-01 AZ 2.88473 tal=50.00000 taq=1.94308 acf=1.00000 alc=50.00000 poq=74.23076
2025-07-07T20:04:10.021706Z  INFO index_maker::solver::solvers::simple_solver: (simple-solver) Fitting Quantity for Index Order: C-01 AX 2.41666 tal=20.00000 taq=23.87370 acf=1.00000 alc=20.00000 poq=2.41666
2025-07-07T20:04:10.021764Z  INFO index_maker::solver::solvers::simple_solver: (simple-solver) Capping Volley Size for Index Order: C-01 oq=2.41666 coq=1.92315
2025-07-07T20:04:10.021791Z  INFO index_maker::solver::solvers::simple_solver: (simple-solver) Capping Volley Size for Asset: AX aq=20.00000 caq=15.91580
2025-07-07T20:04:10.021810Z  INFO index_maker::solver::solvers::simple_solver: (simple-solver) Capping Volley Size for Asset: AZ aq=1.62780 caq=1.29539
2025-07-07T20:04:10.021840Z  INFO index_maker::solver::solvers::simple_solver: (simple-solver) Padding AX: 2020.0000000000000000000000000 => 2020.0, 20.0000000000000000000000 => 20 (+0.0000000000000000000000)
2025-07-07T20:04:10.021884Z  INFO index_maker::solver::solvers::simple_solver: (simple-solver) Padding AZ: 493.22538860103626943005181344 => 493.4, 1.6278065630397236614853195163 => 1.6283828382838283828382838284 (+0.0005762752441047213529643121)
2025-07-07T20:04:10.021927Z  INFO index_maker::solver::solvers::simple_solver: (simple-solver) Asset Fractions for Index Order: C-01 AZ taq=1.62838 acf=0.79550
2025-07-07T20:04:10.021947Z  INFO index_maker::solver::solvers::simple_solver: (simple-solver) Asset Fractions for Index Order: C-01 AX taq=20.00000 acf=0.79579
2025-07-07T20:04:10.021988Z  INFO index_maker::solver::solvers::simple_solver: (simple-solver) Solver Order Engagement: C-01 IX eq=1.92315 ep=1039.95533 ec=2002.00000
2025-07-07T20:04:10.022039Z  INFO index_maker::solver::index_order_manager: (index-order-manager) Engage C-01 eca=+2002.00000 iec=2002.00000 irc=1448.94925
2025-07-07T20:04:10.022088Z  INFO index_maker::solver::batch_manager: (batch-manager) Handle Index Order EngageIndexOrder B-01
2025-07-07T20:04:10.022100Z  INFO index_maker::solver::solver: (solver) Set Index Order Status: C-01 Engaged
2025-07-07T20:04:10.022112Z  INFO index_maker::solver::solver::test: <<< End events

2025-07-07T20:04:10.022118Z  INFO index_maker::solver::solver::test:     ================================================================| ^^^ First order batch engaged |==
2025-07-07T20:04:10.022123Z  INFO index_maker::solver::solver::test: 
>>> Begin events
2025-07-07T20:04:10.022160Z  INFO index_maker::solver::batch_manager: (batch-manager) Sending Batch: Buy AZ: 1.62838 @ 303.00000; Buy AX: 20.00000 @ 101.00000
2025-07-07T20:04:10.022181Z  INFO index_maker::solver::solver::test: (mock) SingleOrder AZ 0.97702 @ 301.48500 0.48851 @ 302.39400
2025-07-07T20:04:10.022209Z  INFO index_maker::solver::solver::test: (mock) SingleOrder AX 12.00000 @ 100.49500 2.00000 @ 100.79800
2025-07-07T20:04:10.022285Z  INFO index_maker::solver::solver: (solver) Handle Inventory Event OpenLot L-01 Buy AZ    0.97702 @ 301.48500 + fee 0.29455 (0.100%)
2025-07-07T20:04:10.022316Z  INFO index_maker::solver::batch_manager: (batch-manager) Batch Position: Buy AZ    total=1.62838 volley=493.40000 pos=0.97702 real=294.55979 + fee=0.29455
2025-07-07T20:04:10.022348Z  INFO index_maker::solver::batch_manager: (batch-manager) Batch Status: B-01 volley=2513.40000 fill=296.04000 frac=0.11778 real=294.55979 fee=0.29455
2025-07-07T20:04:10.022398Z  INFO index_maker::solver::batch_manager: (batch-manager) Fill Basket Asset: AX    q=15.91580 pos=0.00000 aq=0.00000 cf=0.79579 afr=0.00000
2025-07-07T20:04:10.022423Z  INFO index_maker::solver::batch_manager: (batch-manager) Fill Basket Asset: AZ    q=1.29539 pos=0.97702 aq=0.77723 cf=0.79550 afr=0.60000
2025-07-07T20:04:10.022473Z  INFO index_maker::solver::solver: (solver) Handle Inventory Event OpenLot L-03 Buy AX    12.00000 @ 100.49500 + fee 1.20594 (0.100%)
2025-07-07T20:04:10.022501Z  INFO index_maker::solver::batch_manager: (batch-manager) Batch Position: Buy AX    total=20.00000 volley=2020.00000 pos=12.00000 real=1205.94000 + fee=1.20594
2025-07-07T20:04:10.022518Z  INFO index_maker::solver::batch_manager: (batch-manager) Batch Status: B-01 volley=2513.40000 fill=1508.04000 frac=0.60000 real=1500.49980 fee=1.50049
2025-07-07T20:04:10.022550Z  INFO index_maker::solver::batch_manager: (batch-manager) Fill Basket Asset: AX    q=15.91580 pos=12.00000 aq=9.54948 cf=0.79579 afr=0.60000
2025-07-07T20:04:10.022579Z  INFO index_maker::solver::batch_manager: (batch-manager) Fill Basket Asset: AZ    q=1.29539 pos=0.97702 aq=0.77723 cf=0.79550 afr=0.60000
2025-07-07T20:04:10.022614Z  INFO index_maker::solver::batch_manager: (batch-asset-position) IndexOrder allocation for C-01 L-03 AX q=9.54948 p=100.49500 fee=0.95967
2025-07-07T20:04:10.022638Z  INFO index_maker::solver::batch_manager: (batch-asset-position) IndexOrder allocation for C-01 L-01 AZ q=0.77723 p=301.48500 fee=0.23432
2025-07-07T20:04:10.022668Z  INFO index_maker::solver::batch_manager: (batch-manager) Fill Index Order: ifq=1.15389 irc=1448.94925 iec=806.80600 ics=1265.26224 cs=1195.19399 rc=2255.75525 bfr=60.000% ofr=35.934%
2025-07-07T20:04:10.022724Z  INFO index_maker::solver::solver::test: (mock) FIX Order Response: EXE [1:0xd8dA6BF26964aF9D7eEd9e03E53415D37aA96045] C-01 1.15389 3450.94925 1265.26224 2025-07-07 20:04:21.019695 UTC
2025-07-07T20:04:10.022799Z  INFO index_maker::solver::solver::test: (mock) FIX response sent
2025-07-07T20:04:10.022810Z  INFO index_maker::solver::mint_invoice: (report) == Fill Report == 
2025-07-07T20:04:10.022816Z  INFO index_maker::solver::mint_invoice: (report)
2025-07-07T20:04:10.022823Z  INFO index_maker::solver::mint_invoice: (report) Date:  2025-07-07 20:04:21.019695 UTC 
2025-07-07T20:04:10.022829Z  INFO index_maker::solver::mint_invoice: (report) To:    [1:0xd8dA6BF26964aF9D7eEd9e03E53415D37aA96045]
2025-07-07T20:04:10.022872Z  INFO index_maker::solver::mint_invoice: (report) Order: C-01
2025-07-07T20:04:10.022880Z  INFO index_maker::solver::mint_invoice: (report) Index: IX
2025-07-07T20:04:10.022887Z  INFO index_maker::solver::mint_invoice: (report)
2025-07-07T20:04:10.022893Z  INFO index_maker::solver::mint_invoice: (report) Collateral Spent: 1265.26224
2025-07-07T20:04:10.022905Z  INFO index_maker::solver::mint_invoice: (report) Filed Quantity: 1.15389
2025-07-07T20:04:10.022917Z  INFO index_maker::solver::mint_invoice: (report)
2025-07-07T20:04:10.022923Z  INFO index_maker::solver::mint_invoice: (report)
2025-07-07T20:04:10.022929Z  INFO index_maker::solver::mint_invoice: (report)          Item         |    Qty     |  Amount  
2025-07-07T20:04:10.022940Z  INFO index_maker::solver::mint_invoice: (report) ----------------------------------------------
2025-07-07T20:04:10.022947Z  INFO index_maker::solver::mint_invoice: (report) Filled                |    1.15389 |          
2025-07-07T20:04:10.022958Z  INFO index_maker::solver::mint_invoice: (report) Total Filled          |    1.15389 |1265.26224
2025-07-07T20:04:10.022975Z  INFO index_maker::solver::mint_invoice: (report) ----------------------------------------------
2025-07-07T20:04:10.022980Z  INFO index_maker::solver::mint_invoice: (report) Collateral              Remaining  |2255.75525
2025-07-07T20:04:10.022997Z  INFO index_maker::solver::mint_invoice: (report) ----------------------------------------------
2025-07-07T20:04:10.023004Z  INFO index_maker::solver::mint_invoice: (report) of which                Engaged    | 806.80600
2025-07-07T20:04:10.023017Z  INFO index_maker::solver::mint_invoice: (report)                         Unengaged  |1448.94925
2025-07-07T20:04:10.023032Z  INFO index_maker::solver::mint_invoice: (report) ----------------------------------------------
2025-07-07T20:04:10.023039Z  INFO index_maker::solver::mint_invoice: (report)
2025-07-07T20:04:10.023045Z  INFO index_maker::solver::mint_invoice: (report) -- All User Orders --
2025-07-07T20:04:10.023051Z  INFO index_maker::solver::mint_invoice: (report)
2025-07-07T20:04:10.023057Z  INFO index_maker::solver::mint_invoice: (report) To:    [1:0xd8dA6BF26964aF9D7eEd9e03E53415D37aA96045]
2025-07-07T20:04:10.023113Z  INFO index_maker::solver::mint_invoice: (report) Index: IX
2025-07-07T20:04:10.023121Z  INFO index_maker::solver::mint_invoice: (report)
2025-07-07T20:04:10.023131Z  INFO index_maker::solver::mint_invoice: (report) ----------------------------------------------
2025-07-07T20:04:10.023140Z  INFO index_maker::solver::mint_invoice: (report) Total Filled          |    1.15389 |1265.26224
2025-07-07T20:04:10.023159Z  INFO index_maker::solver::mint_invoice: (report) ----------------------------------------------
2025-07-07T20:04:10.023166Z  INFO index_maker::solver::mint_invoice: (report) Total Collateral        Remaining  |2255.75525
2025-07-07T20:04:10.023178Z  INFO index_maker::solver::mint_invoice: (report)
2025-07-07T20:04:10.023203Z  INFO index_maker::solver::solver: (solver) Handle Inventory Event OpenLot L-02 Buy AZ    0.48851 @ 302.39400 + fee 0.14772 (0.100%)
2025-07-07T20:04:10.023231Z  INFO index_maker::solver::batch_manager: (batch-manager) Batch Position: Buy AZ    total=1.62838 volley=493.40000 pos=1.46554 real=442.28375 + fee=0.44228
2025-07-07T20:04:10.023263Z  INFO index_maker::solver::batch_manager: (batch-manager) Batch Status: B-01 volley=2513.40000 fill=1656.06000 frac=0.65889 real=1648.22376 fee=1.64822
2025-07-07T20:04:10.023303Z  INFO index_maker::solver::batch_manager: (batch-manager) Fill Basket Asset: AX    q=15.91580 pos=12.00000 aq=9.54948 cf=0.79579 afr=0.60000
2025-07-07T20:04:10.023332Z  INFO index_maker::solver::batch_manager: (batch-manager) Fill Basket Asset: AZ    q=1.29539 pos=1.46554 aq=1.16585 cf=0.79550 afr=0.90000
2025-07-07T20:04:10.023374Z  INFO index_maker::solver::solver: (solver) Handle Inventory Event Cancel O-01 B-01 AZ
2025-07-07T20:04:10.023414Z  INFO index_maker::solver::solver: (solver) Handle Inventory Event OpenLot L-04 Buy AX    2.00000 @ 100.79800 + fee 0.20159 (0.100%)
2025-07-07T20:04:10.023443Z  INFO index_maker::solver::batch_manager: (batch-manager) Batch Position: Buy AX    total=20.00000 volley=2020.00000 pos=14.00000 real=1407.53600 + fee=1.40753
2025-07-07T20:04:10.023466Z  INFO index_maker::solver::batch_manager: (batch-manager) Batch Status: B-01 volley=2513.40000 fill=1858.06000 frac=0.73926 real=1849.81976 fee=1.84981
2025-07-07T20:04:10.023505Z  INFO index_maker::solver::batch_manager: (batch-manager) Fill Basket Asset: AX    q=15.91580 pos=14.00000 aq=11.14106 cf=0.79579 afr=0.70000
2025-07-07T20:04:10.023540Z  INFO index_maker::solver::batch_manager: (batch-manager) Fill Basket Asset: AZ    q=1.29539 pos=1.46554 aq=1.16585 cf=0.79550 afr=0.90000
2025-07-07T20:04:10.023574Z  INFO index_maker::solver::batch_manager: (batch-asset-position) IndexOrder allocation for C-01 L-03 AX q=1.59158 p=100.49500 fee=0.15994
2025-07-07T20:04:10.023598Z  INFO index_maker::solver::batch_manager: (batch-asset-position) IndexOrder allocation for C-01 L-01 AZ q=0.12953 p=301.48500 fee=0.03905
2025-07-07T20:04:10.023622Z  INFO index_maker::solver::batch_manager: (batch-manager) Fill Index Order: ifq=1.34621 irc=1448.94925 iec=607.60700 ics=1464.46124 cs=199.19900 rc=2056.55625 bfr=70.000% ofr=41.591%
2025-07-07T20:04:10.023674Z  INFO index_maker::solver::solver::test: (mock) FIX Order Response: EXE [1:0xd8dA6BF26964aF9D7eEd9e03E53415D37aA96045] C-01 1.34621 2255.75525 1464.46124 2025-07-07 20:04:21.019695 UTC
2025-07-07T20:04:10.023748Z  INFO index_maker::solver::solver::test: (mock) FIX response sent
2025-07-07T20:04:10.023758Z  INFO index_maker::solver::mint_invoice: (report) == Fill Report == 
2025-07-07T20:04:10.023765Z  INFO index_maker::solver::mint_invoice: (report)
2025-07-07T20:04:10.023771Z  INFO index_maker::solver::mint_invoice: (report) Date:  2025-07-07 20:04:21.019695 UTC 
2025-07-07T20:04:10.023779Z  INFO index_maker::solver::mint_invoice: (report) To:    [1:0xd8dA6BF26964aF9D7eEd9e03E53415D37aA96045]
2025-07-07T20:04:10.023833Z  INFO index_maker::solver::mint_invoice: (report) Order: C-01
2025-07-07T20:04:10.023841Z  INFO index_maker::solver::mint_invoice: (report) Index: IX
2025-07-07T20:04:10.023847Z  INFO index_maker::solver::mint_invoice: (report)
2025-07-07T20:04:10.023853Z  INFO index_maker::solver::mint_invoice: (report) Collateral Spent: 1464.46124
2025-07-07T20:04:10.023866Z  INFO index_maker::solver::mint_invoice: (report) Filed Quantity: 1.34621
2025-07-07T20:04:10.023876Z  INFO index_maker::solver::mint_invoice: (report)
2025-07-07T20:04:10.023881Z  INFO index_maker::solver::mint_invoice: (report)
2025-07-07T20:04:10.023885Z  INFO index_maker::solver::mint_invoice: (report)          Item         |    Qty     |  Amount  
2025-07-07T20:04:10.023893Z  INFO index_maker::solver::mint_invoice: (report) ----------------------------------------------
2025-07-07T20:04:10.023900Z  INFO index_maker::solver::mint_invoice: (report) Filled                |    0.19231 |          
2025-07-07T20:04:10.023911Z  INFO index_maker::solver::mint_invoice: (report) Total Filled          |    1.34621 |1464.46124
2025-07-07T20:04:10.023932Z  INFO index_maker::solver::mint_invoice: (report) ----------------------------------------------
2025-07-07T20:04:10.023938Z  INFO index_maker::solver::mint_invoice: (report) Collateral              Remaining  |2056.55625
2025-07-07T20:04:10.023952Z  INFO index_maker::solver::mint_invoice: (report) ----------------------------------------------
2025-07-07T20:04:10.023958Z  INFO index_maker::solver::mint_invoice: (report) of which                Engaged    | 607.60700
2025-07-07T20:04:10.023971Z  INFO index_maker::solver::mint_invoice: (report)                         Unengaged  |1448.94925
2025-07-07T20:04:10.023985Z  INFO index_maker::solver::mint_invoice: (report) ----------------------------------------------
2025-07-07T20:04:10.023990Z  INFO index_maker::solver::mint_invoice: (report)
2025-07-07T20:04:10.023994Z  INFO index_maker::solver::mint_invoice: (report) -- All User Orders --
2025-07-07T20:04:10.023998Z  INFO index_maker::solver::mint_invoice: (report)
2025-07-07T20:04:10.024002Z  INFO index_maker::solver::mint_invoice: (report) To:    [1:0xd8dA6BF26964aF9D7eEd9e03E53415D37aA96045]
2025-07-07T20:04:10.024054Z  INFO index_maker::solver::mint_invoice: (report) Index: IX
2025-07-07T20:04:10.024061Z  INFO index_maker::solver::mint_invoice: (report)
2025-07-07T20:04:10.024070Z  INFO index_maker::solver::mint_invoice: (report) ----------------------------------------------
2025-07-07T20:04:10.024076Z  INFO index_maker::solver::mint_invoice: (report) Total Filled          |    1.34621 |1464.46124
2025-07-07T20:04:10.024094Z  INFO index_maker::solver::mint_invoice: (report) ----------------------------------------------
2025-07-07T20:04:10.024099Z  INFO index_maker::solver::mint_invoice: (report) Total Collateral        Remaining  |2056.55625
2025-07-07T20:04:10.024107Z  INFO index_maker::solver::mint_invoice: (report)
2025-07-07T20:04:10.024119Z  INFO index_maker::solver::solver: (solver) Handle Inventory Event Cancel O-02 B-01 AX
2025-07-07T20:04:10.024127Z  INFO index_maker::solver::batch_manager: (batch-manager) Batch is all cancelled B-01
2025-07-07T20:04:10.024139Z  INFO index_maker::solver::batch_manager: (batch-order-status) Carried over AZ Buy 0.55876
2025-07-07T20:04:10.024155Z  INFO index_maker::solver::batch_manager: (batch-order-status) Carried over AX Buy 2.85893
2025-07-07T20:04:10.024171Z  INFO index_maker::solver::batch_manager: (batch-manager) Will continue Index Order C-01 cc=607.60700
2025-07-07T20:04:10.024193Z  INFO index_maker::solver::solver: (solver) Handle Batch Complete B-01
2025-07-07T20:04:10.024211Z  INFO index_maker::solver::solver::test: <<< End events

2025-07-07T20:04:10.024218Z  INFO index_maker::solver::solver::test:     ================================================================| ^^^ First order batch filled |==
2025-07-07T20:04:10.024231Z  INFO index_maker::solver::solver::test:  -> FIX response received
2025-07-07T20:04:10.024238Z  INFO index_maker::solver::solver::test:  -> FIX response received
2025-07-07T20:04:10.024244Z  INFO index_maker::solver::solver::test: 
>>> Begin events
2025-07-07T20:04:10.024270Z  INFO index_maker::solver::solvers::simple_solver: (simple-solver) Price: Buy AX 100.0
2025-07-07T20:04:10.024281Z  INFO index_maker::solver::solvers::simple_solver: (simple-solver) Price: Buy AZ 300.0
2025-07-07T20:04:10.024292Z  INFO index_maker::solver::solvers::simple_solver: (simple-solver) Price Limit: AX 101.000
2025-07-07T20:04:10.024300Z  INFO index_maker::solver::solvers::simple_solver: (simple-solver) Price Limit: AZ 303.000
2025-07-07T20:04:10.024313Z  INFO index_maker::solver::solvers::simple_solver: (simple-solver) Index Price: IX 1039.9553332142219045917455780
2025-07-07T20:04:10.024333Z  INFO index_maker::solver::solvers::simple_solver: (simple-solver) Collateral to Quantity for Index Order: C-01 c=1448.94925 cc=607.60700 ca=2054.50175 cu=2054.50175 p=1039.95533 q=1.97556 ff=1.00100
2025-07-07T20:04:10.024376Z  INFO index_maker::solver::solvers::simple_solver: (simple-solver) Asset Quantity for Index Order: C-01 AX q=16.34952 baq=8.27586 oq=1.97556
2025-07-07T20:04:10.024395Z  INFO index_maker::solver::solvers::simple_solver: (simple-solver) Asset Quantity for Index Order: C-01 AZ q=1.33069 baq=0.67357 oq=1.97556
2025-07-07T20:04:10.024420Z  INFO index_maker::solver::solvers::simple_solver: (simple-solver) Fitting Quantity for Index Order: C-01 AZ 1.97556 tal=50.00000 taq=1.33069 acf=1.00000 alc=50.00000 poq=74.23076
2025-07-07T20:04:10.024449Z  INFO index_maker::solver::solvers::simple_solver: (simple-solver) Fitting Quantity for Index Order: C-01 AX 1.97556 tal=20.00000 taq=16.34952 acf=1.00000 alc=20.00000 poq=2.41666
2025-07-07T20:04:10.024489Z  INFO index_maker::solver::solvers::simple_solver: (simple-solver) Capping Volley Size for Index Order: C-01 oq=1.97556 coq=1.92315
2025-07-07T20:04:10.024507Z  INFO index_maker::solver::solvers::simple_solver: (simple-solver) Capping Volley Size for Asset: AX aq=16.34952 caq=15.91580
2025-07-07T20:04:10.024522Z  INFO index_maker::solver::solvers::simple_solver: (simple-solver) Capping Volley Size for Asset: AZ aq=1.33069 caq=1.29539
2025-07-07T20:04:10.024549Z  INFO index_maker::solver::solvers::simple_solver: (simple-solver) Padding AZ: 403.19997904737116085372201979 => 403.2, 1.3306930001563404648637690422 => 1.3306930693069306930693069307 (+0.0000000691505902282055378885)
2025-07-07T20:04:10.024586Z  INFO index_maker::solver::solvers::simple_solver: (simple-solver) Padding AX: 1651.3017709526288391462779804 => 1651.4, 16.34952248467949345689384139 => 16.35049504950495049504950495 (+0.00097256482545703815566356)
2025-07-07T20:04:10.024622Z  INFO index_maker::solver::solvers::simple_solver: (simple-solver) Asset Fractions for Index Order: C-01 AZ taq=1.33069 acf=0.97347
2025-07-07T20:04:10.024641Z  INFO index_maker::solver::solvers::simple_solver: (simple-solver) Asset Fractions for Index Order: C-01 AX taq=16.35049 acf=0.97341
2025-07-07T20:04:10.024673Z  INFO index_maker::solver::solvers::simple_solver: (simple-solver) Solver Order Engagement: C-01 IX eq=1.92315 ep=1039.95533 ec=2001.99999
2025-07-07T20:04:10.024706Z  INFO index_maker::solver::index_order_manager: (index-order-manager) Engage C-01 eca=+1394.39299 iec=2001.99999 irc=54.55625
2025-07-07T20:04:10.024752Z  INFO index_maker::solver::batch_manager: (batch-manager) Handle Index Order EngageIndexOrder B-02
2025-07-07T20:04:10.024770Z  INFO index_maker::solver::solver::test: <<< End events

2025-07-07T20:04:10.024779Z  INFO index_maker::solver::solver::test:     ================================================================| ^^^ Next order batch engaged |==
2025-07-07T20:04:10.024785Z  INFO index_maker::solver::solver::test: 
>>> Begin events
2025-07-07T20:04:10.024821Z  INFO index_maker::solver::batch_manager: (batch-manager) Sending Batch: Buy AX: 13.49155 @ 101.00000; Buy AZ: 0.77192 @ 303.00000
2025-07-07T20:04:10.024834Z  INFO index_maker::solver::solver::test: (mock) SingleOrder AX 8.09493 @ 100.49500 5.39662 @ 100.79800
2025-07-07T20:04:10.024863Z  INFO index_maker::solver::solver::test: (mock) SingleOrder AZ 0.46315 @ 301.48500 0.30876 @ 302.39400
2025-07-07T20:04:10.024930Z  INFO index_maker::solver::solver: (solver) Handle Inventory Event OpenLot L-05 Buy AX    8.09493 @ 100.49500 + fee 0.81350 (0.100%)
2025-07-07T20:04:10.024958Z  INFO index_maker::solver::batch_manager: (batch-manager) Batch Position: Buy AX    total=16.35049 volley=1651.40000 pos=10.95387 real=813.50041 + fee=0.81350
2025-07-07T20:04:10.024990Z  INFO index_maker::solver::batch_manager: (batch-manager) Batch Status: B-02 volley=2054.60000 fill=817.58836 frac=0.39793 real=813.50041 fee=0.81350
2025-07-07T20:04:10.025028Z  INFO index_maker::solver::batch_manager: (batch-manager) Fill Basket Asset: AX    q=15.91580 pos=10.95387 aq=10.66265 cf=0.97341 afr=0.66994
2025-07-07T20:04:10.025065Z  INFO index_maker::solver::batch_manager: (batch-manager) Fill Basket Asset: AZ    q=1.29539 pos=0.55876 aq=0.54394 cf=0.97347 afr=0.41990
2025-07-07T20:04:10.025102Z  INFO index_maker::solver::batch_manager: (batch-asset-position) IndexOrder allocation for C-01 L-03 AX q=0.85893 p=100.49500 fee=0.08631
2025-07-07T20:04:10.025123Z  INFO index_maker::solver::batch_manager: (batch-asset-position) IndexOrder allocation for C-01 L-04 AX q=2.00000 p=100.79800 fee=0.20159
2025-07-07T20:04:10.025136Z  INFO index_maker::solver::batch_manager: (batch-asset-position) IndexOrder allocation for C-01 L-05 AX q=3.82424 p=100.49500 fee=0.38431
2025-07-07T20:04:10.025154Z  INFO index_maker::solver::batch_manager: (batch-asset-position) IndexOrder allocation for C-01 L-01 AZ q=0.07025 p=301.48500 fee=0.02118
2025-07-07T20:04:10.025173Z  INFO index_maker::solver::batch_manager: (batch-asset-position) IndexOrder allocation for C-01 L-02 AZ q=0.47369 p=302.39400 fee=0.14324
2025-07-07T20:04:10.025193Z  INFO index_maker::solver::batch_manager: (batch-manager) Fill Index Order: ifq=2.15376 irc=54.55625 iec=1164.50805 ics=2301.95319 cs=837.49194 rc=1219.06430 bfr=41.990% ofr=65.377%
2025-07-07T20:04:10.025243Z  INFO index_maker::solver::solver::test: (mock) FIX Order Response: EXE [1:0xd8dA6BF26964aF9D7eEd9e03E53415D37aA96045] C-01 2.15376 2056.55625 2301.95319 2025-07-07 20:04:21.019695 UTC
2025-07-07T20:04:10.025316Z  INFO index_maker::solver::solver::test: (mock) FIX response sent
2025-07-07T20:04:10.025324Z  INFO index_maker::solver::mint_invoice: (report) == Fill Report == 
2025-07-07T20:04:10.025329Z  INFO index_maker::solver::mint_invoice: (report)
2025-07-07T20:04:10.025334Z  INFO index_maker::solver::mint_invoice: (report) Date:  2025-07-07 20:04:21.019695 UTC 
2025-07-07T20:04:10.025341Z  INFO index_maker::solver::mint_invoice: (report) To:    [1:0xd8dA6BF26964aF9D7eEd9e03E53415D37aA96045]
2025-07-07T20:04:10.025393Z  INFO index_maker::solver::mint_invoice: (report) Order: C-01
2025-07-07T20:04:10.025400Z  INFO index_maker::solver::mint_invoice: (report) Index: IX
2025-07-07T20:04:10.025404Z  INFO index_maker::solver::mint_invoice: (report)
2025-07-07T20:04:10.025408Z  INFO index_maker::solver::mint_invoice: (report) Collateral Spent: 2301.95319
2025-07-07T20:04:10.025417Z  INFO index_maker::solver::mint_invoice: (report) Filed Quantity: 2.15376
2025-07-07T20:04:10.025426Z  INFO index_maker::solver::mint_invoice: (report)
2025-07-07T20:04:10.025430Z  INFO index_maker::solver::mint_invoice: (report)
2025-07-07T20:04:10.025434Z  INFO index_maker::solver::mint_invoice: (report)          Item         |    Qty     |  Amount  
2025-07-07T20:04:10.025441Z  INFO index_maker::solver::mint_invoice: (report) ----------------------------------------------
2025-07-07T20:04:10.025446Z  INFO index_maker::solver::mint_invoice: (report) Filled                |    0.80755 |          
2025-07-07T20:04:10.025454Z  INFO index_maker::solver::mint_invoice: (report) Total Filled          |    2.15376 |2301.95319
2025-07-07T20:04:10.025473Z  INFO index_maker::solver::mint_invoice: (report) ----------------------------------------------
2025-07-07T20:04:10.025479Z  INFO index_maker::solver::mint_invoice: (report) Collateral              Remaining  |1219.06430
2025-07-07T20:04:10.025495Z  INFO index_maker::solver::mint_invoice: (report) ----------------------------------------------
2025-07-07T20:04:10.025501Z  INFO index_maker::solver::mint_invoice: (report) of which                Engaged    |1164.50805
2025-07-07T20:04:10.025511Z  INFO index_maker::solver::mint_invoice: (report)                         Unengaged  |  54.55625
2025-07-07T20:04:10.025525Z  INFO index_maker::solver::mint_invoice: (report) ----------------------------------------------
2025-07-07T20:04:10.025530Z  INFO index_maker::solver::mint_invoice: (report)
2025-07-07T20:04:10.025536Z  INFO index_maker::solver::mint_invoice: (report) -- All User Orders --
2025-07-07T20:04:10.025541Z  INFO index_maker::solver::mint_invoice: (report)
2025-07-07T20:04:10.025546Z  INFO index_maker::solver::mint_invoice: (report) To:    [1:0xd8dA6BF26964aF9D7eEd9e03E53415D37aA96045]
2025-07-07T20:04:10.025600Z  INFO index_maker::solver::mint_invoice: (report) Index: IX
2025-07-07T20:04:10.025607Z  INFO index_maker::solver::mint_invoice: (report)
2025-07-07T20:04:10.025615Z  INFO index_maker::solver::mint_invoice: (report) ----------------------------------------------
2025-07-07T20:04:10.025621Z  INFO index_maker::solver::mint_invoice: (report) Total Filled          |    2.15376 |2301.95319
2025-07-07T20:04:10.025641Z  INFO index_maker::solver::mint_invoice: (report) ----------------------------------------------
2025-07-07T20:04:10.025645Z  INFO index_maker::solver::mint_invoice: (report) Total Collateral        Remaining  |1219.06430
2025-07-07T20:04:10.025655Z  INFO index_maker::solver::mint_invoice: (report)
2025-07-07T20:04:10.025671Z  INFO index_maker::solver::solver: (solver) Handle Inventory Event OpenLot L-07 Buy AZ    0.46315 @ 301.48500 + fee 0.13963 (0.100%)
2025-07-07T20:04:10.025698Z  INFO index_maker::solver::batch_manager: (batch-manager) Batch Position: Buy AZ    total=1.33069 volley=403.20000 pos=1.02192 real=139.63396 + fee=0.13963
2025-07-07T20:04:10.025743Z  INFO index_maker::solver::batch_manager: (batch-manager) Batch Status: B-02 volley=2054.60000 fill=957.92400 frac=0.46623 real=953.13438 fee=0.95313
2025-07-07T20:04:10.025790Z  INFO index_maker::solver::batch_manager: (batch-manager) Fill Basket Asset: AX    q=15.91580 pos=10.95387 aq=10.66265 cf=0.97341 afr=0.66994
2025-07-07T20:04:10.025830Z  INFO index_maker::solver::batch_manager: (batch-manager) Fill Basket Asset: AZ    q=1.29539 pos=1.02192 aq=0.99481 cf=0.97347 afr=0.76796
2025-07-07T20:04:10.025869Z  INFO index_maker::solver::batch_manager: (batch-asset-position) IndexOrder allocation for C-01 L-05 AX q=3.97946 p=100.49500 fee=0.39991
2025-07-07T20:04:10.025895Z  INFO index_maker::solver::batch_manager: (batch-asset-position) IndexOrder allocation for C-01 L-02 AZ q=0.01482 p=302.39400 fee=0.00448
2025-07-07T20:04:10.025920Z  INFO index_maker::solver::batch_manager: (batch-asset-position) IndexOrder allocation for C-01 L-07 AZ q=0.30906 p=301.48500 fee=0.09317
2025-07-07T20:04:10.025943Z  INFO index_maker::solver::batch_manager: (batch-manager) Fill Index Order: ifq=2.63461 irc=54.55625 iec=666.43248 ics=2800.02876 cs=498.07557 rc=720.98873 bfr=66.994% ofr=79.523%
2025-07-07T20:04:10.025994Z  INFO index_maker::solver::solver::test: (mock) FIX Order Response: EXE [1:0xd8dA6BF26964aF9D7eEd9e03E53415D37aA96045] C-01 2.63461 1219.06430 2800.02876 2025-07-07 20:04:21.019695 UTC
2025-07-07T20:04:10.026068Z  INFO index_maker::solver::solver::test: (mock) FIX response sent
2025-07-07T20:04:10.026076Z  INFO index_maker::solver::mint_invoice: (report) == Fill Report == 
2025-07-07T20:04:10.026081Z  INFO index_maker::solver::mint_invoice: (report)
2025-07-07T20:04:10.026086Z  INFO index_maker::solver::mint_invoice: (report) Date:  2025-07-07 20:04:21.019695 UTC 
2025-07-07T20:04:10.026093Z  INFO index_maker::solver::mint_invoice: (report) To:    [1:0xd8dA6BF26964aF9D7eEd9e03E53415D37aA96045]
2025-07-07T20:04:10.026147Z  INFO index_maker::solver::mint_invoice: (report) Order: C-01
2025-07-07T20:04:10.026154Z  INFO index_maker::solver::mint_invoice: (report) Index: IX
2025-07-07T20:04:10.026159Z  INFO index_maker::solver::mint_invoice: (report)
2025-07-07T20:04:10.026163Z  INFO index_maker::solver::mint_invoice: (report) Collateral Spent: 2800.02876
2025-07-07T20:04:10.026173Z  INFO index_maker::solver::mint_invoice: (report) Filed Quantity: 2.63461
2025-07-07T20:04:10.026182Z  INFO index_maker::solver::mint_invoice: (report)
2025-07-07T20:04:10.026186Z  INFO index_maker::solver::mint_invoice: (report)
2025-07-07T20:04:10.026191Z  INFO index_maker::solver::mint_invoice: (report)          Item         |    Qty     |  Amount  
2025-07-07T20:04:10.026198Z  INFO index_maker::solver::mint_invoice: (report) ----------------------------------------------
2025-07-07T20:04:10.026204Z  INFO index_maker::solver::mint_invoice: (report) Filled                |    0.48085 |          
2025-07-07T20:04:10.026216Z  INFO index_maker::solver::mint_invoice: (report) Total Filled          |    2.63461 |2800.02876
2025-07-07T20:04:10.026237Z  INFO index_maker::solver::mint_invoice: (report) ----------------------------------------------
2025-07-07T20:04:10.026243Z  INFO index_maker::solver::mint_invoice: (report) Collateral              Remaining  | 720.98873
2025-07-07T20:04:10.026254Z  INFO index_maker::solver::mint_invoice: (report) ----------------------------------------------
2025-07-07T20:04:10.026260Z  INFO index_maker::solver::mint_invoice: (report) of which                Engaged    | 666.43248
2025-07-07T20:04:10.026272Z  INFO index_maker::solver::mint_invoice: (report)                         Unengaged  |  54.55625
2025-07-07T20:04:10.026286Z  INFO index_maker::solver::mint_invoice: (report) ----------------------------------------------
2025-07-07T20:04:10.026295Z  INFO index_maker::solver::mint_invoice: (report)
2025-07-07T20:04:10.026299Z  INFO index_maker::solver::mint_invoice: (report) -- All User Orders --
2025-07-07T20:04:10.026303Z  INFO index_maker::solver::mint_invoice: (report)
2025-07-07T20:04:10.026307Z  INFO index_maker::solver::mint_invoice: (report) To:    [1:0xd8dA6BF26964aF9D7eEd9e03E53415D37aA96045]
2025-07-07T20:04:10.026356Z  INFO index_maker::solver::mint_invoice: (report) Index: IX
2025-07-07T20:04:10.026363Z  INFO index_maker::solver::mint_invoice: (report)
2025-07-07T20:04:10.026369Z  INFO index_maker::solver::mint_invoice: (report) ----------------------------------------------
2025-07-07T20:04:10.026373Z  INFO index_maker::solver::mint_invoice: (report) Total Filled          |    2.63461 |2800.02876
2025-07-07T20:04:10.026393Z  INFO index_maker::solver::mint_invoice: (report) ----------------------------------------------
2025-07-07T20:04:10.026400Z  INFO index_maker::solver::mint_invoice: (report) Total Collateral        Remaining  | 720.98873
2025-07-07T20:04:10.026412Z  INFO index_maker::solver::mint_invoice: (report)
2025-07-07T20:04:10.026451Z  INFO index_maker::solver::solver: (solver) Handle Inventory Event OpenLot L-06 Buy AX    5.39662 @ 100.79800 + fee 0.54396 (0.100%)
2025-07-07T20:04:10.026480Z  INFO index_maker::solver::batch_manager: (batch-manager) Batch Position: Buy AX    total=16.35049 volley=1651.40000 pos=16.35049 real=1357.46920 + fee=1.35746
2025-07-07T20:04:10.026515Z  INFO index_maker::solver::batch_manager: (batch-manager) Batch Status: B-02 volley=2054.60000 fill=1502.98290 frac=0.73152 real=1497.10316 fee=1.49710
2025-07-07T20:04:10.026554Z  INFO index_maker::solver::batch_manager: (batch-manager) Fill Basket Asset: AX    q=15.91580 pos=16.35049 aq=15.91580 cf=0.97341 afr=1.00000
2025-07-07T20:04:10.026591Z  INFO index_maker::solver::batch_manager: (batch-manager) Fill Basket Asset: AZ    q=1.29539 pos=1.02192 aq=0.99481 cf=0.97347 afr=0.76796
2025-07-07T20:04:10.026625Z  INFO index_maker::solver::batch_manager: (batch-asset-position) IndexOrder allocation for C-01 L-05 AX q=0.29121 p=100.49500 fee=0.02926
2025-07-07T20:04:10.026649Z  INFO index_maker::solver::batch_manager: (batch-asset-position) IndexOrder allocation for C-01 L-06 AX q=1.26888 p=100.79800 fee=0.12790
2025-07-07T20:04:10.026678Z  INFO index_maker::solver::batch_manager: (batch-asset-position) IndexOrder allocation for C-01 L-07 AZ q=0.12697 p=301.48500 fee=0.03828
2025-07-07T20:04:10.026698Z  INFO index_maker::solver::batch_manager: (batch-manager) Fill Index Order: ifq=2.82312 irc=54.55625 iec=470.78830 ics=2995.67294 cs=195.64417 rc=525.34455 bfr=76.796% ofr=85.079%
2025-07-07T20:04:10.026759Z  INFO index_maker::solver::solver::test: (mock) FIX Order Response: EXE [1:0xd8dA6BF26964aF9D7eEd9e03E53415D37aA96045] C-01 2.82312 720.98873 2995.67294 2025-07-07 20:04:21.019695 UTC
2025-07-07T20:04:10.026831Z  INFO index_maker::solver::solver::test: (mock) FIX response sent
2025-07-07T20:04:10.026838Z  INFO index_maker::solver::mint_invoice: (report) == Fill Report == 
2025-07-07T20:04:10.026843Z  INFO index_maker::solver::mint_invoice: (report)
2025-07-07T20:04:10.026849Z  INFO index_maker::solver::mint_invoice: (report) Date:  2025-07-07 20:04:21.019695 UTC 
2025-07-07T20:04:10.026855Z  INFO index_maker::solver::mint_invoice: (report) To:    [1:0xd8dA6BF26964aF9D7eEd9e03E53415D37aA96045]
2025-07-07T20:04:10.026909Z  INFO index_maker::solver::mint_invoice: (report) Order: C-01
2025-07-07T20:04:10.026916Z  INFO index_maker::solver::mint_invoice: (report) Index: IX
2025-07-07T20:04:10.026922Z  INFO index_maker::solver::mint_invoice: (report)
2025-07-07T20:04:10.026927Z  INFO index_maker::solver::mint_invoice: (report) Collateral Spent: 2995.67294
2025-07-07T20:04:10.026938Z  INFO index_maker::solver::mint_invoice: (report) Filed Quantity: 2.82312
2025-07-07T20:04:10.026947Z  INFO index_maker::solver::mint_invoice: (report)
2025-07-07T20:04:10.026952Z  INFO index_maker::solver::mint_invoice: (report)
2025-07-07T20:04:10.026956Z  INFO index_maker::solver::mint_invoice: (report)          Item         |    Qty     |  Amount  
2025-07-07T20:04:10.026962Z  INFO index_maker::solver::mint_invoice: (report) ----------------------------------------------
2025-07-07T20:04:10.026966Z  INFO index_maker::solver::mint_invoice: (report) Filled                |    0.18851 |          
2025-07-07T20:04:10.026975Z  INFO index_maker::solver::mint_invoice: (report) Total Filled          |    2.82312 |2995.67294
2025-07-07T20:04:10.026994Z  INFO index_maker::solver::mint_invoice: (report) ----------------------------------------------
2025-07-07T20:04:10.027000Z  INFO index_maker::solver::mint_invoice: (report) Collateral              Remaining  | 525.34455
2025-07-07T20:04:10.027014Z  INFO index_maker::solver::mint_invoice: (report) ----------------------------------------------
2025-07-07T20:04:10.027020Z  INFO index_maker::solver::mint_invoice: (report) of which                Engaged    | 470.78830
2025-07-07T20:04:10.027029Z  INFO index_maker::solver::mint_invoice: (report)                         Unengaged  |  54.55625
2025-07-07T20:04:10.027043Z  INFO index_maker::solver::mint_invoice: (report) ----------------------------------------------
2025-07-07T20:04:10.027049Z  INFO index_maker::solver::mint_invoice: (report)
2025-07-07T20:04:10.027054Z  INFO index_maker::solver::mint_invoice: (report) -- All User Orders --
2025-07-07T20:04:10.027059Z  INFO index_maker::solver::mint_invoice: (report)
2025-07-07T20:04:10.027064Z  INFO index_maker::solver::mint_invoice: (report) To:    [1:0xd8dA6BF26964aF9D7eEd9e03E53415D37aA96045]
2025-07-07T20:04:10.027118Z  INFO index_maker::solver::mint_invoice: (report) Index: IX
2025-07-07T20:04:10.027125Z  INFO index_maker::solver::mint_invoice: (report)
2025-07-07T20:04:10.027133Z  INFO index_maker::solver::mint_invoice: (report) ----------------------------------------------
2025-07-07T20:04:10.027139Z  INFO index_maker::solver::mint_invoice: (report) Total Filled          |    2.82312 |2995.67294
2025-07-07T20:04:10.027158Z  INFO index_maker::solver::mint_invoice: (report) ----------------------------------------------
2025-07-07T20:04:10.027164Z  INFO index_maker::solver::mint_invoice: (report) Total Collateral        Remaining  | 525.34455
2025-07-07T20:04:10.027176Z  INFO index_maker::solver::mint_invoice: (report)
2025-07-07T20:04:10.027188Z  INFO index_maker::solver::solver: (solver) Handle Inventory Event Cancel O-03 B-02 AX
2025-07-07T20:04:10.027202Z  INFO index_maker::solver::solver: (solver) Handle Inventory Event OpenLot L-08 Buy AZ    0.30876 @ 302.39400 + fee 0.09336 (0.100%)
2025-07-07T20:04:10.027225Z  INFO index_maker::solver::batch_manager: (batch-manager) Batch Position: Buy AZ    total=1.33069 volley=403.20000 pos=1.33069 real=233.00394 + fee=0.23300
2025-07-07T20:04:10.027259Z  INFO index_maker::solver::batch_manager: (batch-manager) Batch Status: B-02 volley=2054.60000 fill=1596.54000 frac=0.77705 real=1590.47314 fee=1.59047
2025-07-07T20:04:10.027297Z  INFO index_maker::solver::batch_manager: (batch-manager) Fill Basket Asset: AX    q=15.91580 pos=16.35049 aq=15.91580 cf=0.97341 afr=1.00000
2025-07-07T20:04:10.027331Z  INFO index_maker::solver::batch_manager: (batch-manager) Fill Basket Asset: AZ    q=1.29539 pos=1.33069 aq=1.29539 cf=0.97347 afr=1.00000
2025-07-07T20:04:10.027369Z  INFO index_maker::solver::batch_manager: (batch-asset-position) IndexOrder allocation for C-01 L-06 AX q=3.69304 p=100.79800 fee=0.37225
2025-07-07T20:04:10.027392Z  INFO index_maker::solver::batch_manager: (batch-asset-position) IndexOrder allocation for C-01 L-07 AZ q=0.02710 p=301.48500 fee=0.00817
2025-07-07T20:04:10.027415Z  INFO index_maker::solver::batch_manager: (batch-asset-position) IndexOrder allocation for C-01 L-08 AZ q=0.27346 p=302.39400 fee=0.08269
2025-07-07T20:04:10.027436Z  INFO index_maker::solver::batch_manager: (batch-manager) Fill Index Order: ifq=3.26937 irc=54.55625 iec=7.20508 ics=3459.25615 cs=463.58321 rc=61.76134 bfr=100.000% ofr=98.245%
2025-07-07T20:04:10.027479Z  INFO index_maker::solver::solver::test: (mock) FIX Order Response: EXE [1:0xd8dA6BF26964aF9D7eEd9e03E53415D37aA96045] C-01 3.26937 525.34455 3459.25615 2025-07-07 20:04:21.019695 UTC
2025-07-07T20:04:10.027548Z  INFO index_maker::solver::solver::test: (mock) FIX response sent
2025-07-07T20:04:10.027555Z  INFO index_maker::solver::mint_invoice: (report) == Fill Report == 
2025-07-07T20:04:10.027561Z  INFO index_maker::solver::mint_invoice: (report)
2025-07-07T20:04:10.027566Z  INFO index_maker::solver::mint_invoice: (report) Date:  2025-07-07 20:04:21.019695 UTC 
2025-07-07T20:04:10.027572Z  INFO index_maker::solver::mint_invoice: (report) To:    [1:0xd8dA6BF26964aF9D7eEd9e03E53415D37aA96045]
2025-07-07T20:04:10.027624Z  INFO index_maker::solver::mint_invoice: (report) Order: C-01
2025-07-07T20:04:10.027631Z  INFO index_maker::solver::mint_invoice: (report) Index: IX
2025-07-07T20:04:10.027637Z  INFO index_maker::solver::mint_invoice: (report)
2025-07-07T20:04:10.027642Z  INFO index_maker::solver::mint_invoice: (report) Collateral Spent: 3459.25615
2025-07-07T20:04:10.027655Z  INFO index_maker::solver::mint_invoice: (report) Filed Quantity: 3.26937
2025-07-07T20:04:10.027665Z  INFO index_maker::solver::mint_invoice: (report)
2025-07-07T20:04:10.027669Z  INFO index_maker::solver::mint_invoice: (report)
2025-07-07T20:04:10.027673Z  INFO index_maker::solver::mint_invoice: (report)          Item         |    Qty     |  Amount  
2025-07-07T20:04:10.027680Z  INFO index_maker::solver::mint_invoice: (report) ----------------------------------------------
2025-07-07T20:04:10.027685Z  INFO index_maker::solver::mint_invoice: (report) Filled                |    0.44624 |          
2025-07-07T20:04:10.027694Z  INFO index_maker::solver::mint_invoice: (report) Total Filled          |    3.26937 |3459.25615
2025-07-07T20:04:10.027711Z  INFO index_maker::solver::mint_invoice: (report) ----------------------------------------------
2025-07-07T20:04:10.027716Z  INFO index_maker::solver::mint_invoice: (report) Collateral              Remaining  |  61.76134
2025-07-07T20:04:10.027727Z  INFO index_maker::solver::mint_invoice: (report) ----------------------------------------------
2025-07-07T20:04:10.027732Z  INFO index_maker::solver::mint_invoice: (report) of which                Engaged    |   7.20508
2025-07-07T20:04:10.027743Z  INFO index_maker::solver::mint_invoice: (report)                         Unengaged  |  54.55625
2025-07-07T20:04:10.027758Z  INFO index_maker::solver::mint_invoice: (report) ----------------------------------------------
2025-07-07T20:04:10.027764Z  INFO index_maker::solver::mint_invoice: (report)
2025-07-07T20:04:10.027769Z  INFO index_maker::solver::mint_invoice: (report) -- All User Orders --
2025-07-07T20:04:10.027773Z  INFO index_maker::solver::mint_invoice: (report)
2025-07-07T20:04:10.027777Z  INFO index_maker::solver::mint_invoice: (report) To:    [1:0xd8dA6BF26964aF9D7eEd9e03E53415D37aA96045]
2025-07-07T20:04:10.027828Z  INFO index_maker::solver::mint_invoice: (report) Index: IX
2025-07-07T20:04:10.027835Z  INFO index_maker::solver::mint_invoice: (report)
2025-07-07T20:04:10.027843Z  INFO index_maker::solver::mint_invoice: (report) ----------------------------------------------
2025-07-07T20:04:10.027848Z  INFO index_maker::solver::mint_invoice: (report) Total Filled          |    3.26937 |3459.25615
2025-07-07T20:04:10.027867Z  INFO index_maker::solver::mint_invoice: (report) ----------------------------------------------
2025-07-07T20:04:10.027873Z  INFO index_maker::solver::mint_invoice: (report) Total Collateral        Remaining  |  61.76134
2025-07-07T20:04:10.027884Z  INFO index_maker::solver::mint_invoice: (report)
2025-07-07T20:04:10.027895Z  INFO index_maker::solver::solver: (solver) Handle Inventory Event Cancel O-04 B-02 AZ
2025-07-07T20:04:10.027904Z  INFO index_maker::solver::batch_manager: (batch-manager) Batch is all cancelled B-02
2025-07-07T20:04:10.027912Z  INFO index_maker::solver::batch_manager: (batch-order-status) Carried over AZ Buy 0.03530
2025-07-07T20:04:10.027925Z  INFO index_maker::solver::batch_manager: (batch-order-status) Carried over AX Buy 0.43469
2025-07-07T20:04:10.027938Z  INFO index_maker::solver::batch_manager: (batch-manager) Will continue Index Order C-01 cc=7.20508
2025-07-07T20:04:10.027954Z  INFO index_maker::solver::solver: (solver) Handle Batch Complete B-02
2025-07-07T20:04:10.027967Z  INFO index_maker::solver::solver::test: <<< End events

2025-07-07T20:04:10.027973Z  INFO index_maker::solver::solver::test:     ================================================================| ^^^ Next order batch filled |==
2025-07-07T20:04:10.027981Z  INFO index_maker::solver::solver::test:  -> FIX response received
2025-07-07T20:04:10.027987Z  INFO index_maker::solver::solver::test:  -> FIX response received
2025-07-07T20:04:10.027993Z  INFO index_maker::solver::solver::test: 
>>> Begin events
2025-07-07T20:04:10.028016Z  INFO index_maker::solver::solvers::simple_solver: (simple-solver) Price: Buy AX 100.0
2025-07-07T20:04:10.028026Z  INFO index_maker::solver::solvers::simple_solver: (simple-solver) Price: Buy AZ 300.0
2025-07-07T20:04:10.028037Z  INFO index_maker::solver::solvers::simple_solver: (simple-solver) Price Limit: AX 101.000
2025-07-07T20:04:10.028046Z  INFO index_maker::solver::solvers::simple_solver: (simple-solver) Price Limit: AZ 303.000
2025-07-07T20:04:10.028058Z  INFO index_maker::solver::solvers::simple_solver: (simple-solver) Index Price: IX 1039.9553332142219045917455780
2025-07-07T20:04:10.028080Z  INFO index_maker::solver::solvers::simple_solver: (simple-solver) Collateral to Quantity for Index Order: C-01 c=54.55625 cc=7.20508 ca=61.69964 cu=61.69964 p=1039.95533 q=0.05932 ff=1.00100
2025-07-07T20:04:10.028122Z  INFO index_maker::solver::solvers::simple_solver: (simple-solver) Asset Quantity for Index Order: C-01 AX q=0.49099 baq=8.27586 oq=0.05932
2025-07-07T20:04:10.028145Z  INFO index_maker::solver::solvers::simple_solver: (simple-solver) Asset Quantity for Index Order: C-01 AZ q=0.03996 baq=0.67357 oq=0.05932
2025-07-07T20:04:10.028173Z  INFO index_maker::solver::solvers::simple_solver: (simple-solver) Fitting Quantity for Index Order: C-01 AX 0.05932 tal=20.00000 taq=0.49099 acf=1.00000 alc=20.00000 poq=2.41666
2025-07-07T20:04:10.028200Z  INFO index_maker::solver::solvers::simple_solver: (simple-solver) Fitting Quantity for Index Order: C-01 AZ 0.05932 tal=50.00000 taq=0.03996 acf=1.00000 alc=50.00000 poq=74.23076
2025-07-07T20:04:10.028244Z  INFO index_maker::solver::solvers::simple_solver: (simple-solver) Padding AX: 49.590966813118167621030713349 => 49.6, 0.4909996714170115606042644886 => 0.4910891089108910891089108911 (+0.0000894374938795285046464025)
2025-07-07T20:04:10.028285Z  INFO index_maker::solver::solvers::simple_solver: (simple-solver) Padding AZ: 12.108675186881832378969286869 => 12.2, 0.039962624379147961646763323 => 0.0402640264026402640264026403 (+0.0003014020234923023796393173)
2025-07-07T20:04:10.028323Z  INFO index_maker::solver::solvers::simple_solver: (simple-solver) Asset Fractions for Index Order: C-01 AZ taq=0.04026 acf=0.99251
2025-07-07T20:04:10.028342Z  INFO index_maker::solver::solvers::simple_solver: (simple-solver) Asset Fractions for Index Order: C-01 AX taq=0.49108 acf=0.99981
2025-07-07T20:04:10.028373Z  INFO index_maker::solver::solvers::simple_solver: (simple-solver) Solver Order Engagement: C-01 IX eq=0.05932 ep=1039.95533 ec=61.76134
2025-07-07T20:04:10.028408Z  INFO index_maker::solver::index_order_manager: (index-order-manager) Engage C-01 eca=+54.55625 iec=61.76134 irc=-0.00000
2025-07-07T20:04:10.028453Z  INFO index_maker::solver::batch_manager: (batch-manager) Handle Index Order EngageIndexOrder B-03
2025-07-07T20:04:10.028471Z  INFO index_maker::solver::solver::test: <<< End events

2025-07-07T20:04:10.028479Z  INFO index_maker::solver::solver::test:     ================================================================| ^^^ Next order batch engaged |==
2025-07-07T20:04:10.028485Z  INFO index_maker::solver::solver::test: 
>>> Begin events
2025-07-07T20:04:10.028520Z  INFO index_maker::solver::batch_manager: (batch-manager) Sending Batch: Buy AX: 0.05639 @ 101.00000; Buy AZ: 0.00496 @ 303.00000
2025-07-07T20:04:10.028534Z  INFO index_maker::solver::solver::test: (mock) SingleOrder AX 0.03383 @ 100.49500 0.02255 @ 100.79800
2025-07-07T20:04:10.028559Z  INFO index_maker::solver::solver::test: (mock) SingleOrder AZ 0.00297 @ 301.48500 0.00198 @ 302.39400
2025-07-07T20:04:10.028610Z  INFO index_maker::solver::solver: (solver) Handle Inventory Event OpenLot L-09 Buy AX    0.03383 @ 100.49500 + fee 0.00340 (0.099%)
2025-07-07T20:04:10.028637Z  INFO index_maker::solver::batch_manager: (batch-manager) Batch Position: Buy AX    total=0.49108 volley=49.60000 pos=0.46853 real=3.40056 + fee=0.00340
2025-07-07T20:04:10.028669Z  INFO index_maker::solver::batch_manager: (batch-manager) Batch Status: B-03 volley=61.80000 fill=3.41765 frac=0.05530 real=3.40056 fee=0.00340
2025-07-07T20:04:10.028703Z  INFO index_maker::solver::batch_manager: (batch-manager) Fill Basket Asset: AX    q=0.49099 pos=0.46853 aq=0.46844 cf=0.99981 afr=0.95406
2025-07-07T20:04:10.028738Z  INFO index_maker::solver::batch_manager: (batch-manager) Fill Basket Asset: AZ    q=0.03996 pos=0.03530 aq=0.03503 cf=0.99251 afr=0.87672
2025-07-07T20:04:10.028775Z  INFO index_maker::solver::batch_manager: (batch-asset-position) IndexOrder allocation for C-01 L-06 AX q=0.43047 p=100.79800 fee=0.04339
2025-07-07T20:04:10.028799Z  INFO index_maker::solver::batch_manager: (batch-asset-position) IndexOrder allocation for C-01 L-08 AZ q=0.03503 p=302.39400 fee=0.01059
2025-07-07T20:04:10.028823Z  INFO index_maker::solver::batch_manager: (batch-manager) Fill Index Order: ifq=3.32138 irc=-0.00000 iec=7.72166 ics=3513.29583 cs=54.03967 rc=7.72166 bfr=87.672% ofr=99.780%
2025-07-07T20:04:10.028870Z  INFO index_maker::solver::solver::test: (mock) FIX Order Response: EXE [1:0xd8dA6BF26964aF9D7eEd9e03E53415D37aA96045] C-01 3.32138 61.76134 3513.29583 2025-07-07 20:04:21.019695 UTC
2025-07-07T20:04:10.028932Z  INFO index_maker::solver::solver::test: (mock) FIX response sent
2025-07-07T20:04:10.028939Z  INFO index_maker::solver::mint_invoice: (report) == Fill Report == 
2025-07-07T20:04:10.028944Z  INFO index_maker::solver::mint_invoice: (report)
2025-07-07T20:04:10.028949Z  INFO index_maker::solver::mint_invoice: (report) Date:  2025-07-07 20:04:21.019695 UTC 
2025-07-07T20:04:10.028956Z  INFO index_maker::solver::mint_invoice: (report) To:    [1:0xd8dA6BF26964aF9D7eEd9e03E53415D37aA96045]
2025-07-07T20:04:10.029008Z  INFO index_maker::solver::mint_invoice: (report) Order: C-01
2025-07-07T20:04:10.029015Z  INFO index_maker::solver::mint_invoice: (report) Index: IX
2025-07-07T20:04:10.029019Z  INFO index_maker::solver::mint_invoice: (report)
2025-07-07T20:04:10.029023Z  INFO index_maker::solver::mint_invoice: (report) Collateral Spent: 3513.29583
2025-07-07T20:04:10.029032Z  INFO index_maker::solver::mint_invoice: (report) Filed Quantity: 3.32138
2025-07-07T20:04:10.029041Z  INFO index_maker::solver::mint_invoice: (report)
2025-07-07T20:04:10.029045Z  INFO index_maker::solver::mint_invoice: (report)
2025-07-07T20:04:10.029049Z  INFO index_maker::solver::mint_invoice: (report)          Item         |    Qty     |  Amount  
2025-07-07T20:04:10.029055Z  INFO index_maker::solver::mint_invoice: (report) ----------------------------------------------
2025-07-07T20:04:10.029061Z  INFO index_maker::solver::mint_invoice: (report) Filled                |    0.05201 |          
2025-07-07T20:04:10.029070Z  INFO index_maker::solver::mint_invoice: (report) Total Filled          |    3.32138 |3513.29583
2025-07-07T20:04:10.029088Z  INFO index_maker::solver::mint_invoice: (report) ----------------------------------------------
2025-07-07T20:04:10.029095Z  INFO index_maker::solver::mint_invoice: (report) Collateral              Remaining  |   7.72166
2025-07-07T20:04:10.029109Z  INFO index_maker::solver::mint_invoice: (report) ----------------------------------------------
2025-07-07T20:04:10.029115Z  INFO index_maker::solver::mint_invoice: (report) of which                Engaged    |   7.72166
2025-07-07T20:04:10.029123Z  INFO index_maker::solver::mint_invoice: (report)                         Unengaged  |   0.00000
2025-07-07T20:04:10.029132Z  INFO index_maker::solver::mint_invoice: (report) ----------------------------------------------
2025-07-07T20:04:10.029138Z  INFO index_maker::solver::mint_invoice: (report)
2025-07-07T20:04:10.029142Z  INFO index_maker::solver::mint_invoice: (report) -- All User Orders --
2025-07-07T20:04:10.029146Z  INFO index_maker::solver::mint_invoice: (report)
2025-07-07T20:04:10.029150Z  INFO index_maker::solver::mint_invoice: (report) To:    [1:0xd8dA6BF26964aF9D7eEd9e03E53415D37aA96045]
2025-07-07T20:04:10.029201Z  INFO index_maker::solver::mint_invoice: (report) Index: IX
2025-07-07T20:04:10.029208Z  INFO index_maker::solver::mint_invoice: (report)
2025-07-07T20:04:10.029215Z  INFO index_maker::solver::mint_invoice: (report) ----------------------------------------------
2025-07-07T20:04:10.029221Z  INFO index_maker::solver::mint_invoice: (report) Total Filled          |    3.32138 |3513.29583
2025-07-07T20:04:10.029239Z  INFO index_maker::solver::mint_invoice: (report) ----------------------------------------------
2025-07-07T20:04:10.029245Z  INFO index_maker::solver::mint_invoice: (report) Total Collateral        Remaining  |   7.72166
2025-07-07T20:04:10.029256Z  INFO index_maker::solver::mint_invoice: (report)
2025-07-07T20:04:10.029263Z  INFO index_maker::solver::solver: (solver) Set Index Order Status: C-01 PartlyMintable
2025-07-07T20:04:10.029299Z  INFO index_maker::solver::solver: (solver) Handle Inventory Event OpenLot L-11 Buy AZ    0.00297 @ 301.48500 + fee 0.00089 (0.099%)
2025-07-07T20:04:10.029327Z  INFO index_maker::solver::batch_manager: (batch-manager) Batch Position: Buy AZ    total=0.04026 volley=12.20000 pos=0.03827 real=0.89783 + fee=0.00089
2025-07-07T20:04:10.029356Z  INFO index_maker::solver::batch_manager: (batch-manager) Batch Status: B-03 volley=61.80000 fill=4.31999 frac=0.06990 real=4.29839 fee=0.00429
2025-07-07T20:04:10.029388Z  INFO index_maker::solver::batch_manager: (batch-manager) Fill Basket Asset: AX    q=0.49099 pos=0.46853 aq=0.46844 cf=0.99981 afr=0.95406
2025-07-07T20:04:10.029423Z  INFO index_maker::solver::batch_manager: (batch-manager) Fill Basket Asset: AZ    q=0.03996 pos=0.03827 aq=0.03799 cf=0.99251 afr=0.95069
2025-07-07T20:04:10.029452Z  INFO index_maker::solver::batch_manager: (batch-asset-position) IndexOrder allocation for C-01 L-06 AX q=0.00421 p=100.79800 fee=0.00042
2025-07-07T20:04:10.029473Z  INFO index_maker::solver::batch_manager: (batch-asset-position) IndexOrder allocation for C-01 L-09 AX q=0.03209 p=100.49500 fee=0.00322
2025-07-07T20:04:10.029496Z  INFO index_maker::solver::batch_manager: (batch-asset-position) IndexOrder allocation for C-01 L-08 AZ q=0.00026 p=302.39400 fee=0.00007
2025-07-07T20:04:10.029515Z  INFO index_maker::solver::batch_manager: (batch-asset-position) IndexOrder allocation for C-01 L-11 AZ q=0.00269 p=301.48500 fee=0.00081
2025-07-07T20:04:10.029538Z  INFO index_maker::solver::batch_manager: (batch-manager) Fill Index Order: ifq=3.32577 irc=-0.00000 iec=3.17496 ics=3517.84253 cs=4.54670 rc=3.17496 bfr=95.069% ofr=99.909%
2025-07-07T20:04:10.029582Z  INFO index_maker::solver::solver::test: (mock) FIX Order Response: EXE [1:0xd8dA6BF26964aF9D7eEd9e03E53415D37aA96045] C-01 3.32577 7.72166 3517.84253 2025-07-07 20:04:21.019695 UTC
2025-07-07T20:04:10.029648Z  INFO index_maker::solver::solver::test: (mock) FIX response sent
2025-07-07T20:04:10.029655Z  INFO index_maker::solver::mint_invoice: (report) == Fill Report == 
2025-07-07T20:04:10.029660Z  INFO index_maker::solver::mint_invoice: (report)
2025-07-07T20:04:10.029665Z  INFO index_maker::solver::mint_invoice: (report) Date:  2025-07-07 20:04:21.019695 UTC 
2025-07-07T20:04:10.029671Z  INFO index_maker::solver::mint_invoice: (report) To:    [1:0xd8dA6BF26964aF9D7eEd9e03E53415D37aA96045]
2025-07-07T20:04:10.029723Z  INFO index_maker::solver::mint_invoice: (report) Order: C-01
2025-07-07T20:04:10.029730Z  INFO index_maker::solver::mint_invoice: (report) Index: IX
2025-07-07T20:04:10.029734Z  INFO index_maker::solver::mint_invoice: (report)
2025-07-07T20:04:10.029738Z  INFO index_maker::solver::mint_invoice: (report) Collateral Spent: 3517.84253
2025-07-07T20:04:10.029746Z  INFO index_maker::solver::mint_invoice: (report) Filed Quantity: 3.32577
2025-07-07T20:04:10.029754Z  INFO index_maker::solver::mint_invoice: (report)
2025-07-07T20:04:10.029759Z  INFO index_maker::solver::mint_invoice: (report)
2025-07-07T20:04:10.029763Z  INFO index_maker::solver::mint_invoice: (report)          Item         |    Qty     |  Amount  
2025-07-07T20:04:10.029769Z  INFO index_maker::solver::mint_invoice: (report) ----------------------------------------------
2025-07-07T20:04:10.029776Z  INFO index_maker::solver::mint_invoice: (report) Filled                |    0.00438 |          
2025-07-07T20:04:10.029787Z  INFO index_maker::solver::mint_invoice: (report) Total Filled          |    3.32577 |3517.84253
2025-07-07T20:04:10.029808Z  INFO index_maker::solver::mint_invoice: (report) ----------------------------------------------
2025-07-07T20:04:10.029813Z  INFO index_maker::solver::mint_invoice: (report) Collateral              Remaining  |   3.17496
2025-07-07T20:04:10.029825Z  INFO index_maker::solver::mint_invoice: (report) ----------------------------------------------
2025-07-07T20:04:10.029830Z  INFO index_maker::solver::mint_invoice: (report) of which                Engaged    |   3.17496
2025-07-07T20:04:10.029838Z  INFO index_maker::solver::mint_invoice: (report)                         Unengaged  |   0.00000
2025-07-07T20:04:10.029848Z  INFO index_maker::solver::mint_invoice: (report) ----------------------------------------------
2025-07-07T20:04:10.029854Z  INFO index_maker::solver::mint_invoice: (report)
2025-07-07T20:04:10.029863Z  INFO index_maker::solver::mint_invoice: (report) -- All User Orders --
2025-07-07T20:04:10.029870Z  INFO index_maker::solver::mint_invoice: (report)
2025-07-07T20:04:10.029875Z  INFO index_maker::solver::mint_invoice: (report) To:    [1:0xd8dA6BF26964aF9D7eEd9e03E53415D37aA96045]
2025-07-07T20:04:10.029929Z  INFO index_maker::solver::mint_invoice: (report) Index: IX
2025-07-07T20:04:10.029936Z  INFO index_maker::solver::mint_invoice: (report)
2025-07-07T20:04:10.029943Z  INFO index_maker::solver::mint_invoice: (report) ----------------------------------------------
2025-07-07T20:04:10.029949Z  INFO index_maker::solver::mint_invoice: (report) Total Filled          |    3.32577 |3517.84253
2025-07-07T20:04:10.029968Z  INFO index_maker::solver::mint_invoice: (report) ----------------------------------------------
2025-07-07T20:04:10.029972Z  INFO index_maker::solver::mint_invoice: (report) Total Collateral        Remaining  |   3.17496
2025-07-07T20:04:10.029980Z  INFO index_maker::solver::mint_invoice: (report)
2025-07-07T20:04:10.029996Z  INFO index_maker::solver::solver: (solver) Handle Inventory Event OpenLot L-10 Buy AX    0.02255 @ 100.79800 + fee 0.00227 (0.099%)
2025-07-07T20:04:10.030026Z  INFO index_maker::solver::batch_manager: (batch-manager) Batch Position: Buy AX    total=0.49108 volley=49.60000 pos=0.49108 real=5.67445 + fee=0.00567
2025-07-07T20:04:10.030058Z  INFO index_maker::solver::batch_manager: (batch-manager) Batch Status: B-03 volley=61.80000 fill=6.59843 frac=0.10677 real=6.57228 fee=0.00657
2025-07-07T20:04:10.030089Z  INFO index_maker::solver::batch_manager: (batch-manager) Fill Basket Asset: AX    q=0.49099 pos=0.49108 aq=0.49099 cf=0.99981 afr=1.00000
2025-07-07T20:04:10.030121Z  INFO index_maker::solver::batch_manager: (batch-manager) Fill Basket Asset: AZ    q=0.03996 pos=0.03827 aq=0.03799 cf=0.99251 afr=0.95069
2025-07-07T20:04:10.030167Z  INFO index_maker::solver::solver: (solver) Handle Inventory Event Cancel O-06 B-03 AX
2025-07-07T20:04:10.030182Z  INFO index_maker::solver::solver: (solver) Handle Inventory Event OpenLot L-12 Buy AZ    0.00198 @ 302.39400 + fee 0.00060 (0.100%)
2025-07-07T20:04:10.030209Z  INFO index_maker::solver::batch_manager: (batch-manager) Batch Position: Buy AZ    total=0.04026 volley=12.20000 pos=0.04026 real=1.49818 + fee=0.00149
2025-07-07T20:04:10.030239Z  INFO index_maker::solver::batch_manager: (batch-manager) Batch Status: B-03 volley=61.80000 fill=7.19999 frac=0.11650 real=7.17263 fee=0.00717
2025-07-07T20:04:10.030274Z  INFO index_maker::solver::batch_manager: (batch-manager) Fill Basket Asset: AX    q=0.49099 pos=0.49108 aq=0.49099 cf=0.99981 afr=1.00000
2025-07-07T20:04:10.030302Z  INFO index_maker::solver::batch_manager: (batch-manager) Fill Basket Asset: AZ    q=0.03996 pos=0.04026 aq=0.03996 cf=0.99251 afr=1.00000
2025-07-07T20:04:10.030326Z  INFO index_maker::solver::batch_manager: (batch-asset-position) IndexOrder allocation for C-01 L-09 AX q=0.00174 p=100.49500 fee=0.00017
2025-07-07T20:04:10.030342Z  INFO index_maker::solver::batch_manager: (batch-asset-position) IndexOrder allocation for C-01 L-10 AX q=0.02255 p=100.79800 fee=0.00227
2025-07-07T20:04:10.030359Z  INFO index_maker::solver::batch_manager: (batch-asset-position) IndexOrder allocation for C-01 L-11 AZ q=0.00028 p=301.48500 fee=0.00008
2025-07-07T20:04:10.030375Z  INFO index_maker::solver::batch_manager: (batch-asset-position) IndexOrder allocation for C-01 L-12 AZ q=0.00168 p=302.39400 fee=0.00050
2025-07-07T20:04:10.030391Z  INFO index_maker::solver::batch_manager: (batch-manager) Fill Index Order: ifq=3.32870 irc=-0.00000 iec=0.12747 ics=3520.89002 cs=3.04749 rc=0.12747 bfr=100.000% ofr=99.996%
2025-07-07T20:04:10.030425Z  INFO index_maker::solver::solver::test: (mock) FIX Order Response: EXE [1:0xd8dA6BF26964aF9D7eEd9e03E53415D37aA96045] C-01 3.32870 3.17496 3520.89002 2025-07-07 20:04:21.019695 UTC
2025-07-07T20:04:10.030481Z  INFO index_maker::solver::solver::test: (mock) FIX response sent
2025-07-07T20:04:10.030487Z  INFO index_maker::solver::mint_invoice: (report) == Fill Report == 
2025-07-07T20:04:10.030491Z  INFO index_maker::solver::mint_invoice: (report)
2025-07-07T20:04:10.030495Z  INFO index_maker::solver::mint_invoice: (report) Date:  2025-07-07 20:04:21.019695 UTC 
2025-07-07T20:04:10.030499Z  INFO index_maker::solver::mint_invoice: (report) To:    [1:0xd8dA6BF26964aF9D7eEd9e03E53415D37aA96045]
2025-07-07T20:04:10.030540Z  INFO index_maker::solver::mint_invoice: (report) Order: C-01
2025-07-07T20:04:10.030545Z  INFO index_maker::solver::mint_invoice: (report) Index: IX
2025-07-07T20:04:10.030549Z  INFO index_maker::solver::mint_invoice: (report)
2025-07-07T20:04:10.030553Z  INFO index_maker::solver::mint_invoice: (report) Collateral Spent: 3520.89002
2025-07-07T20:04:10.030562Z  INFO index_maker::solver::mint_invoice: (report) Filed Quantity: 3.32870
2025-07-07T20:04:10.030571Z  INFO index_maker::solver::mint_invoice: (report)
2025-07-07T20:04:10.030575Z  INFO index_maker::solver::mint_invoice: (report)
2025-07-07T20:04:10.030579Z  INFO index_maker::solver::mint_invoice: (report)          Item         |    Qty     |  Amount  
2025-07-07T20:04:10.030585Z  INFO index_maker::solver::mint_invoice: (report) ----------------------------------------------
2025-07-07T20:04:10.030591Z  INFO index_maker::solver::mint_invoice: (report) Filled                |    0.00292 |          
2025-07-07T20:04:10.030599Z  INFO index_maker::solver::mint_invoice: (report) Total Filled          |    3.32870 |3520.89002
2025-07-07T20:04:10.030614Z  INFO index_maker::solver::mint_invoice: (report) ----------------------------------------------
2025-07-07T20:04:10.030618Z  INFO index_maker::solver::mint_invoice: (report) Collateral              Remaining  |   0.12747
2025-07-07T20:04:10.030630Z  INFO index_maker::solver::mint_invoice: (report) ----------------------------------------------
2025-07-07T20:04:10.030635Z  INFO index_maker::solver::mint_invoice: (report) of which                Engaged    |   0.12747
2025-07-07T20:04:10.030643Z  INFO index_maker::solver::mint_invoice: (report)                         Unengaged  |   0.00000
2025-07-07T20:04:10.030651Z  INFO index_maker::solver::mint_invoice: (report) ----------------------------------------------
2025-07-07T20:04:10.030656Z  INFO index_maker::solver::mint_invoice: (report)
2025-07-07T20:04:10.030660Z  INFO index_maker::solver::mint_invoice: (report) -- All User Orders --
2025-07-07T20:04:10.030664Z  INFO index_maker::solver::mint_invoice: (report)
2025-07-07T20:04:10.030668Z  INFO index_maker::solver::mint_invoice: (report) To:    [1:0xd8dA6BF26964aF9D7eEd9e03E53415D37aA96045]
2025-07-07T20:04:10.030710Z  INFO index_maker::solver::mint_invoice: (report) Index: IX
2025-07-07T20:04:10.030715Z  INFO index_maker::solver::mint_invoice: (report)
2025-07-07T20:04:10.030721Z  INFO index_maker::solver::mint_invoice: (report) ----------------------------------------------
2025-07-07T20:04:10.030725Z  INFO index_maker::solver::mint_invoice: (report) Total Filled          |    3.32870 |3520.89002
2025-07-07T20:04:10.030740Z  INFO index_maker::solver::mint_invoice: (report) ----------------------------------------------
2025-07-07T20:04:10.030745Z  INFO index_maker::solver::mint_invoice: (report) Total Collateral        Remaining  |   0.12747
2025-07-07T20:04:10.030754Z  INFO index_maker::solver::mint_invoice: (report)
2025-07-07T20:04:10.030760Z  INFO index_maker::solver::batch_manager: (batch-manager) Index Order C-01 fill-rate 0.99996 is above fill threshold 0.99990
2025-07-07T20:04:10.030770Z  INFO index_maker::solver::solver: (solver) Set Index Order Status: C-01 FullyMintable
2025-07-07T20:04:10.030778Z  INFO index_maker::solver::solver: (solver) Handle Inventory Event Cancel O-05 B-03 AZ
2025-07-07T20:04:10.030785Z  INFO index_maker::solver::batch_manager: (batch-manager) Batch is all cancelled B-03
2025-07-07T20:04:10.030790Z  INFO index_maker::solver::batch_manager: (batch-order-status) Carried over AZ Buy 0.00030
2025-07-07T20:04:10.030802Z  INFO index_maker::solver::batch_manager: (batch-manager) Index Order is Fully Mintable C-01 cc=0.12747
2025-07-07T20:04:10.030815Z  INFO index_maker::solver::solver: (solver) Handle Batch Complete B-03
2025-07-07T20:04:10.030824Z  INFO index_maker::solver::solver::test: <<< End events

2025-07-07T20:04:10.030830Z  INFO index_maker::solver::solver::test:     ================================================================| ^^^ Next order batch filled |==
2025-07-07T20:04:10.030835Z  INFO index_maker::solver::solver::test:  -> FIX response received
2025-07-07T20:04:10.030839Z  INFO index_maker::solver::solver::test:  -> FIX response received
2025-07-07T20:04:10.030844Z  INFO index_maker::solver::solver::test: 
>>> Begin events
2025-07-07T20:04:10.030851Z  INFO index_maker::solver::solver::test: <<< End events

2025-07-07T20:04:10.030857Z  INFO index_maker::solver::solver::test: 
>>> Begin events
2025-07-07T20:04:10.030880Z  INFO index_maker::solver::solver: (solver) Handle Batch Mintable
2025-07-07T20:04:10.030891Z  INFO index_maker::solver::solver::test: <<< End events

2025-07-07T20:04:10.030897Z  INFO index_maker::solver::solver::test:     ================================================================| ^^^ Clock moved forward 10.0s |==
2025-07-07T20:04:10.030901Z  INFO index_maker::solver::solver::test: 
>>> Begin events
2025-07-07T20:04:10.030926Z  INFO index_maker::collateral::collateral_manager: (collateral-manager) Confirm Payment for 0xd8dA6BF26964aF9D7eEd9e03E53415D37aA96045 3450.82178
2025-07-07T20:04:10.030978Z  INFO index_maker::collateral::collateral_position: (colateral-side) Spend for P-01 [P-02] 3450.82178 ua=0.00000 ra=0.00000 pa=0.12747 sa=3520.89002 (partial spend *)
2025-07-07T20:04:10.031010Z  INFO index_maker::solver::solver: (solver) Payment authorized: P-02
2025-07-07T20:04:10.031018Z  INFO index_maker::solver::solver::test: (mock) MintedIndex: 1 IX    Quantity: 3.32870 User: 0xd8dA6BF26964aF9D7eEd9e03E53415D37aA96045 @3450.82178 2025-07-07 20:04:31.019695 UTC
2025-07-07T20:04:10.031069Z  INFO index_maker::solver::solver::test: (mock) Chain response sent
2025-07-07T20:04:10.031082Z  INFO index_maker::solver::index_order_manager: (index-order-manager) Removing entry for [1:0xd8dA6BF26964aF9D7eEd9e03E53415D37aA96045] IX
2025-07-07T20:04:10.031125Z  INFO index_maker::solver::index_order_manager: (index-order-manager) Removing entry for [1:0xd8dA6BF26964aF9D7eEd9e03E53415D37aA96045]
2025-07-07T20:04:10.031169Z  INFO index_maker::solver::mint_invoice: (report) Closing Index Order [1:0xd8dA6BF26964aF9D7eEd9e03E53415D37aA96045] C-01
2025-07-07T20:04:10.031212Z  INFO index_maker::solver::mint_invoice: (report) C-01 IX rc=0.00000 cs=3520.89002 ec=0.12747 fill=3.32870 fee=70.06824 (closed)
2025-07-07T20:04:10.031234Z  INFO index_maker::solver::mint_invoice: (report)
2025-07-07T20:04:10.031240Z  INFO index_maker::solver::mint_invoice: (report) == Mint Invoice == 
2025-07-07T20:04:10.031244Z  INFO index_maker::solver::mint_invoice: (report)
2025-07-07T20:04:10.031248Z  INFO index_maker::solver::mint_invoice: (report) Date:  2025-07-07 20:04:31.019695 UTC 
2025-07-07T20:04:10.031253Z  INFO index_maker::solver::mint_invoice: (report) To:    [1:0xd8dA6BF26964aF9D7eEd9e03E53415D37aA96045]
2025-07-07T20:04:10.031294Z  INFO index_maker::solver::mint_invoice: (report) Order: C-01
2025-07-07T20:04:10.031299Z  INFO index_maker::solver::mint_invoice: (report) Index: IX
2025-07-07T20:04:10.031303Z  INFO index_maker::solver::mint_invoice: (report)
2025-07-07T20:04:10.031307Z  INFO index_maker::solver::mint_invoice: (report) Collateral Spent: 3520.89002
2025-07-07T20:04:10.031316Z  INFO index_maker::solver::mint_invoice: (report) Filed Quantity: 3.32870
2025-07-07T20:04:10.031325Z  INFO index_maker::solver::mint_invoice: (report)
2025-07-07T20:04:10.031329Z  INFO index_maker::solver::mint_invoice: (report)
2025-07-07T20:04:10.031334Z  INFO index_maker::solver::mint_invoice: (report)     Lot     |   Symbol   |   Qty     |  Price    |   Fee     |  Amount  
2025-07-07T20:04:10.031344Z  INFO index_maker::solver::mint_invoice: (report) ------------------------------------------------------------------------
2025-07-07T20:04:10.031394Z  INFO index_maker::solver::mint_invoice: (report) L-01        | AZ         |   0.97702 | 301.48500 |   0.29455 | 294.85435
2025-07-07T20:04:10.031415Z  INFO index_maker::solver::mint_invoice: (report) L-02        | AZ         |   0.48851 | 302.39400 |   0.14772 | 147.87168
2025-07-07T20:04:10.031435Z  INFO index_maker::solver::mint_invoice: (report) L-03        | AX         |  12.00000 | 100.49500 |   1.20594 |1207.14594
2025-07-07T20:04:10.031455Z  INFO index_maker::solver::mint_invoice: (report) L-04        | AX         |   2.00000 | 100.79800 |   0.20159 | 201.79759
2025-07-07T20:04:10.031468Z  INFO index_maker::solver::mint_invoice: (report) L-05        | AX         |   8.09493 | 100.49500 |   0.81350 | 814.31391
2025-07-07T20:04:10.031488Z  INFO index_maker::solver::mint_invoice: (report) L-06        | AX         |   5.39662 | 100.79800 |   0.54396 | 544.51275
2025-07-07T20:04:10.031507Z  INFO index_maker::solver::mint_invoice: (report) L-07        | AZ         |   0.46315 | 301.48500 |   0.13963 | 139.77359
2025-07-07T20:04:10.031527Z  INFO index_maker::solver::mint_invoice: (report) L-08        | AZ         |   0.30876 | 302.39400 |   0.09336 |  93.46334
2025-07-07T20:04:10.031547Z  INFO index_maker::solver::mint_invoice: (report) L-09        | AX         |   0.03383 | 100.49500 |   0.00340 |   3.40396
2025-07-07T20:04:10.031566Z  INFO index_maker::solver::mint_invoice: (report) L-10        | AX         |   0.02255 | 100.79800 |   0.00227 |   2.27615
2025-07-07T20:04:10.031585Z  INFO index_maker::solver::mint_invoice: (report) L-11        | AZ         |   0.00297 | 301.48500 |   0.00089 |   0.89872
2025-07-07T20:04:10.031603Z  INFO index_maker::solver::mint_invoice: (report) L-12        | AZ         |   0.00168 | 302.39400 |   0.00050 |   0.50972
2025-07-07T20:04:10.031627Z  INFO index_maker::solver::mint_invoice: (report) ------------------------------------------------------------------------
2025-07-07T20:04:10.031635Z  INFO index_maker::solver::mint_invoice: (report) Sub-Total   | AX         |  27.54795 |~ 100.5766 |   2.77067 |2773.45033
2025-07-07T20:04:10.031657Z  INFO index_maker::solver::mint_invoice: (report) Sub-Total   | AZ         |   2.24212 |~ 301.8089 |   0.67669 | 677.37144
2025-07-07T20:04:10.031683Z  INFO index_maker::solver::mint_invoice: (report) ------------------------------------------------------------------------
2025-07-07T20:04:10.031688Z  INFO index_maker::solver::mint_invoice: (report)                                                Sub Total     |3450.82178
2025-07-07T20:04:10.031698Z  INFO index_maker::solver::mint_invoice: (report) P-02                                           Paid          |3450.82178
2025-07-07T20:04:10.031708Z  INFO index_maker::solver::mint_invoice: (report)                                                Balance       |   0.00000
2025-07-07T20:04:10.031719Z  INFO index_maker::solver::mint_invoice: (report) ------------------------------------------------------------------------
2025-07-07T20:04:10.031725Z  INFO index_maker::solver::mint_invoice: (report) Collateral                                     Deposited     |3521.01750
2025-07-07T20:04:10.031736Z  INFO index_maker::solver::mint_invoice: (report) Management Fee                                 Paid          |  70.06824
2025-07-07T20:04:10.031743Z  INFO index_maker::solver::mint_invoice: (report)                                                Total Paid    |3520.89002
2025-07-07T20:04:10.031754Z  INFO index_maker::solver::mint_invoice: (report) Reached minting threshold before full spend    Balance       |   0.12747
2025-07-07T20:04:10.031766Z  INFO index_maker::solver::mint_invoice: (report) ------------------------------------------------------------------------
2025-07-07T20:04:10.031773Z  INFO index_maker::solver::mint_invoice: (report) Collateral used                                Fill Rate     | 99.99637%
2025-07-07T20:04:10.031783Z  INFO index_maker::solver::mint_invoice: (report) Less management fee                            Fill Rate     | 99.99630%
2025-07-07T20:04:10.031793Z  INFO index_maker::solver::mint_invoice: (report)
